d:\mahjong\mahjong\mahjong\debug\mahjong.pch
d:\mahjong\mahjong\mahjong\debug\vc141.pdb
d:\mahjong\mahjong\mahjong\debug\vc141.idb
d:\mahjong\mahjong\mahjong\debug\stdafx.obj
d:\mahjong\mahjong\mahjong\debug\yama.obj
d:\mahjong\mahjong\mahjong\debug\yaku.obj
d:\mahjong\mahjong\mahjong\debug\tenpai.obj
d:\mahjong\mahjong\mahjong\debug\tehai.obj
d:\mahjong\mahjong\mahjong\debug\rule.obj
d:\mahjong\mahjong\mahjong\debug\player.obj
d:\mahjong\mahjong\mahjong\debug\mahjong.obj
d:\mahjong\mahjong\mahjong\debug\gm.obj
d:\mahjong\mahjong\mahjong\debug\glfw_event.obj
d:\mahjong\mahjong\mahjong\debug\agent.obj
d:\mahjong\mahjong\mahjong\debug\scene.obj
d:\mahjong\mahjong\mahjong\debug\gui.obj
d:\mahjong\mahjong\mahjong\debug\room.obj
d:\mahjong\mahjong\debug\mahjong.exe
d:\mahjong\mahjong\debug\mahjong.ilk
d:\mahjong\mahjong\debug\mahjong.pdb
d:\mahjong\mahjong\mahjong\debug\mahjong.tlog\cl.command.1.tlog
d:\mahjong\mahjong\mahjong\debug\mahjong.tlog\cl.read.1.tlog
d:\mahjong\mahjong\mahjong\debug\mahjong.tlog\cl.write.1.tlog
d:\mahjong\mahjong\mahjong\debug\mahjong.tlog\link.command.1.tlog
d:\mahjong\mahjong\mahjong\debug\mahjong.tlog\link.read.1.tlog
d:\mahjong\mahjong\mahjong\debug\mahjong.tlog\link.write.1.tlog
