02/10/2018 10:39:33 (Std) 	+-+-+-+-+-+-+-+-+-+-+-+-+-+-+-+-+-+-+-+-+-+-+-+-+-+-+-+-+-+-+-+-+-+-+-+-+-+-+-+
02/10/2018 10:39:33 (Std) 	+                     Crazy Eddie's GUI System - Event log                    +
02/10/2018 10:39:33 (Std) 	+                          (http://www.cegui.org.uk/)                         +
02/10/2018 10:39:33 (Std) 	+-+-+-+-+-+-+-+-+-+-+-+-+-+-+-+-+-+-+-+-+-+-+-+-+-+-+-+-+-+-+-+-+-+-+-+-+-+-+-+

02/10/2018 10:39:33 (Std) 	CEGUI::Logger singleton created. (08BEF5B0)
02/10/2018 10:39:33 (Std) 	
02/10/2018 10:39:33 (Std) 	********************************************************************************
02/10/2018 10:39:33 (Std) 	* Important:                                                                   *
02/10/2018 10:39:33 (Std) 	*     To get support at the CEGUI forums, you must post _at least_ the section *
02/10/2018 10:39:33 (Std) 	*     of this log file indicated below.  Failure to do this will result in no  *
02/10/2018 10:39:33 (Std) 	*     support being given; please do not waste our time.                       *
02/10/2018 10:39:33 (Std) 	********************************************************************************
02/10/2018 10:39:33 (Std) 	********************************************************************************
02/10/2018 10:39:33 (Std) 	* -------- START OF ESSENTIAL SECTION TO BE POSTED ON THE FORUM       -------- *
02/10/2018 10:39:33 (Std) 	********************************************************************************
02/10/2018 10:39:33 (Std) 	---- Version: 0.8.7 (Build: Sep 29 2018 Microsoft Windows MSVC++ Unknown MSVC++ version 32 bit) ----
02/10/2018 10:39:33 (Std) 	---- Renderer module is: CEGUI::OpenGL3Renderer - Official OpenGL 3.2 core based renderer module.  TextureTarget support enabled via FBO OGL 3.2 core implementation. ----
02/10/2018 10:39:33 (Std) 	---- XML Parser module is: CEGUI::ExpatParser - Official expat based parser module for CEGUI ----
02/10/2018 10:39:33 (Std) 	---- Image Codec module is: SILLYImageCodec - Official SILLY based image codec ----
02/10/2018 10:39:33 (Std) 	---- Scripting module is: None ----
02/10/2018 10:39:33 (Std) 	********************************************************************************
02/10/2018 10:39:33 (Std) 	* -------- END OF ESSENTIAL SECTION TO BE POSTED ON THE FORUM         -------- *
02/10/2018 10:39:33 (Std) 	********************************************************************************
02/10/2018 10:39:33 (Std) 	
02/10/2018 10:39:33 (Std) 	---- Begining CEGUI System initialisation ----
02/10/2018 10:39:33 (Std) 	[CEGUI::ImageManager] Singleton created (08BEB838)
02/10/2018 10:39:33 (Std) 	[CEGUI::ImageManager] Registered Image type: BasicImage
02/10/2018 10:39:33 (Std) 	CEGUI::FontManager singleton created. (08C26EE8)
02/10/2018 10:39:33 (Std) 	CEGUI::WindowFactoryManager singleton created
02/10/2018 10:39:33 (Std) 	CEGUI::WindowManager singleton created (08BF4810)
02/10/2018 10:39:33 (Std) 	CEGUI::SchemeManager singleton created. (08C26828)
02/10/2018 10:39:33 (Std) 	CEGUI::GlobalEventSet singleton created. (08C07CF0)
02/10/2018 10:39:33 (Std) 	CEGUI::AnimationManager singleton created (08C20F90)
02/10/2018 10:39:33 (Std) 	CEGUI::WidgetLookManager singleton created. (08BD0258)
02/10/2018 10:39:33 (Std) 	CEGUI::WindowRendererManager singleton created (08BD0000)
02/10/2018 10:39:33 (Std) 	CEGUI::RenderEffectManager singleton created (08C07E10)
02/10/2018 10:39:33 (Std) 	Created WindowFactory for 'DefaultWindow' windows.
02/10/2018 10:39:33 (Std) 	WindowFactory for 'DefaultWindow' windows added. (08C2F918)
02/10/2018 10:39:33 (Std) 	Created WindowFactory for 'DragContainer' windows.
02/10/2018 10:39:33 (Std) 	WindowFactory for 'DragContainer' windows added. (08C2F9C0)
02/10/2018 10:39:33 (Std) 	Created WindowFactory for 'ScrolledContainer' windows.
02/10/2018 10:39:33 (Std) 	WindowFactory for 'ScrolledContainer' windows added. (08C2FE58)
02/10/2018 10:39:33 (Std) 	Created WindowFactory for 'ClippedContainer' windows.
02/10/2018 10:39:33 (Std) 	WindowFactory for 'ClippedContainer' windows added. (08C2FBB8)
02/10/2018 10:39:33 (Std) 	Created WindowFactory for 'CEGUI/PushButton' windows.
02/10/2018 10:39:33 (Std) 	WindowFactory for 'CEGUI/PushButton' windows added. (08C2F7C8)
02/10/2018 10:39:33 (Std) 	Created WindowFactory for 'CEGUI/RadioButton' windows.
02/10/2018 10:39:33 (Std) 	WindowFactory for 'CEGUI/RadioButton' windows added. (08C2FA68)
02/10/2018 10:39:33 (Std) 	Created WindowFactory for 'CEGUI/Combobox' windows.
02/10/2018 10:39:33 (Std) 	WindowFactory for 'CEGUI/Combobox' windows added. (08C30050)
02/10/2018 10:39:33 (Std) 	Created WindowFactory for 'CEGUI/ComboDropList' windows.
02/10/2018 10:39:33 (Std) 	WindowFactory for 'CEGUI/ComboDropList' windows added. (08C2FC60)
02/10/2018 10:39:33 (Std) 	Created WindowFactory for 'CEGUI/Editbox' windows.
02/10/2018 10:39:33 (Std) 	WindowFactory for 'CEGUI/Editbox' windows added. (08C2FD08)
02/10/2018 10:39:33 (Std) 	Created WindowFactory for 'CEGUI/FrameWindow' windows.
02/10/2018 10:39:33 (Std) 	WindowFactory for 'CEGUI/FrameWindow' windows added. (08C2FFA8)
02/10/2018 10:39:33 (Std) 	Created WindowFactory for 'CEGUI/ItemEntry' windows.
02/10/2018 10:39:33 (Std) 	WindowFactory for 'CEGUI/ItemEntry' windows added. (08C300F8)
02/10/2018 10:39:33 (Std) 	Created WindowFactory for 'CEGUI/Listbox' windows.
02/10/2018 10:39:33 (Std) 	WindowFactory for 'CEGUI/Listbox' windows added. (08C2FB10)
02/10/2018 10:39:33 (Std) 	Created WindowFactory for 'CEGUI/ListHeader' windows.
02/10/2018 10:39:33 (Std) 	WindowFactory for 'CEGUI/ListHeader' windows added. (08C301A0)
02/10/2018 10:39:33 (Std) 	Created WindowFactory for 'CEGUI/ListHeaderSegment' windows.
02/10/2018 10:39:33 (Std) 	WindowFactory for 'CEGUI/ListHeaderSegment' windows added. (08C2F288)
02/10/2018 10:39:33 (Std) 	Created WindowFactory for 'CEGUI/Menubar' windows.
02/10/2018 10:39:33 (Std) 	WindowFactory for 'CEGUI/Menubar' windows added. (08C2F330)
02/10/2018 10:39:33 (Std) 	Created WindowFactory for 'CEGUI/PopupMenu' windows.
02/10/2018 10:39:33 (Std) 	WindowFactory for 'CEGUI/PopupMenu' windows added. (08C2F3D8)
02/10/2018 10:39:33 (Std) 	Created WindowFactory for 'CEGUI/MenuItem' windows.
02/10/2018 10:39:33 (Std) 	WindowFactory for 'CEGUI/MenuItem' windows added. (08C2F480)
02/10/2018 10:39:33 (Std) 	Created WindowFactory for 'CEGUI/MultiColumnList' windows.
02/10/2018 10:39:33 (Std) 	WindowFactory for 'CEGUI/MultiColumnList' windows added. (08C2F528)
02/10/2018 10:39:33 (Std) 	Created WindowFactory for 'CEGUI/MultiLineEditbox' windows.
02/10/2018 10:39:33 (Std) 	WindowFactory for 'CEGUI/MultiLineEditbox' windows added. (08C2F5D0)
02/10/2018 10:39:33 (Std) 	Created WindowFactory for 'CEGUI/ProgressBar' windows.
02/10/2018 10:39:33 (Std) 	WindowFactory for 'CEGUI/ProgressBar' windows added. (08C2F678)
02/10/2018 10:39:33 (Std) 	Created WindowFactory for 'CEGUI/ScrollablePane' windows.
02/10/2018 10:39:33 (Std) 	WindowFactory for 'CEGUI/ScrollablePane' windows added. (08C2F720)
02/10/2018 10:39:33 (Std) 	Created WindowFactory for 'CEGUI/Scrollbar' windows.
02/10/2018 10:39:33 (Std) 	WindowFactory for 'CEGUI/Scrollbar' windows added. (08C3B2B0)
02/10/2018 10:39:33 (Std) 	Created WindowFactory for 'CEGUI/Slider' windows.
02/10/2018 10:39:33 (Std) 	WindowFactory for 'CEGUI/Slider' windows added. (08C3ACC8)
02/10/2018 10:39:33 (Std) 	Created WindowFactory for 'CEGUI/Spinner' windows.
02/10/2018 10:39:33 (Std) 	WindowFactory for 'CEGUI/Spinner' windows added. (08C3AC20)
02/10/2018 10:39:33 (Std) 	Created WindowFactory for 'CEGUI/TabButton' windows.
02/10/2018 10:39:33 (Std) 	WindowFactory for 'CEGUI/TabButton' windows added. (08C3AD70)
02/10/2018 10:39:33 (Std) 	Created WindowFactory for 'CEGUI/TabControl' windows.
02/10/2018 10:39:33 (Std) 	WindowFactory for 'CEGUI/TabControl' windows added. (08C3B0B8)
02/10/2018 10:39:33 (Std) 	Created WindowFactory for 'CEGUI/Thumb' windows.
02/10/2018 10:39:33 (Std) 	WindowFactory for 'CEGUI/Thumb' windows added. (08C3B010)
02/10/2018 10:39:33 (Std) 	Created WindowFactory for 'CEGUI/Titlebar' windows.
02/10/2018 10:39:33 (Std) 	WindowFactory for 'CEGUI/Titlebar' windows added. (08C3AE18)
02/10/2018 10:39:33 (Std) 	Created WindowFactory for 'CEGUI/ToggleButton' windows.
02/10/2018 10:39:33 (Std) 	WindowFactory for 'CEGUI/ToggleButton' windows added. (08C3B160)
02/10/2018 10:39:33 (Std) 	Created WindowFactory for 'CEGUI/Tooltip' windows.
02/10/2018 10:39:33 (Std) 	WindowFactory for 'CEGUI/Tooltip' windows added. (08C3AEC0)
02/10/2018 10:39:33 (Std) 	Created WindowFactory for 'CEGUI/ItemListbox' windows.
02/10/2018 10:39:33 (Std) 	WindowFactory for 'CEGUI/ItemListbox' windows added. (08C3AF68)
02/10/2018 10:39:33 (Std) 	Created WindowFactory for 'CEGUI/GroupBox' windows.
02/10/2018 10:39:33 (Std) 	WindowFactory for 'CEGUI/GroupBox' windows added. (08C3B4A8)
02/10/2018 10:39:33 (Std) 	Created WindowFactory for 'CEGUI/Tree' windows.
02/10/2018 10:39:33 (Std) 	WindowFactory for 'CEGUI/Tree' windows added. (08C3B208)
02/10/2018 10:39:33 (Std) 	Created WindowFactory for 'LayoutCell' windows.
02/10/2018 10:39:33 (Std) 	WindowFactory for 'LayoutCell' windows added. (08C3B358)
02/10/2018 10:39:33 (Std) 	Created WindowFactory for 'HorizontalLayoutContainer' windows.
02/10/2018 10:39:33 (Std) 	WindowFactory for 'HorizontalLayoutContainer' windows added. (08C3B550)
02/10/2018 10:39:33 (Std) 	Created WindowFactory for 'VerticalLayoutContainer' windows.
02/10/2018 10:39:33 (Std) 	WindowFactory for 'VerticalLayoutContainer' windows added. (08C3B400)
02/10/2018 10:39:33 (Std) 	Created WindowFactory for 'GridLayoutContainer' windows.
02/10/2018 10:39:33 (Std) 	WindowFactory for 'GridLayoutContainer' windows added. (08C3B5F8)
02/10/2018 10:39:33 (Std) 	CEGUI::System singleton created. (08BEF4B8)
02/10/2018 10:39:33 (Std) 	---- CEGUI System initialisation completed ----
02/10/2018 10:39:33 (Std) 	
02/10/2018 10:39:33 (Std) 	Started creation of Scheme from XML specification:
02/10/2018 10:39:33 (Std) 	---- CEGUI GUIScheme name: AlfiskoSkin
02/10/2018 10:39:33 (Std) 	[ImageManager] Started creation of Imageset from XML specification:
02/10/2018 10:39:33 (Std) 	[ImageManager] ---- CEGUI Imageset name: AlfiskoSkin
02/10/2018 10:39:33 (Std) 	[ImageManager] ---- Source texture file: AlfiskoSkin.png
02/10/2018 10:39:33 (Std) 	[ImageManager] ---- Source texture resource group: (Default)
02/10/2018 10:39:33 (Std) 	[OpenGLRenderer] Created texture: AlfiskoSkin
02/10/2018 10:39:33 (Std) 	[ImageManager] Created image: 'AlfiskoSkin/WindowB' (08C120F0) of type: BasicImage
02/10/2018 10:39:33 (Std) 	[ImageManager] Created image: 'AlfiskoSkin/WindowL' (08C121E0) of type: BasicImage
02/10/2018 10:39:33 (Std) 	[ImageManager] Created image: 'AlfiskoSkin/WindowR' (08C17140) of type: BasicImage
02/10/2018 10:39:33 (Std) 	[ImageManager] Created image: 'AlfiskoSkin/WindowT' (08C17230) of type: BasicImage
02/10/2018 10:39:33 (Std) 	[ImageManager] Created image: 'AlfiskoSkin/EditboxB' (08C17320) of type: BasicImage
02/10/2018 10:39:33 (Std) 	[ImageManager] Created image: 'AlfiskoSkin/EditboxL' (08C17410) of type: BasicImage
02/10/2018 10:39:33 (Std) 	[ImageManager] Created image: 'AlfiskoSkin/EditboxR' (08C1FCF0) of type: BasicImage
02/10/2018 10:39:33 (Std) 	[ImageManager] Created image: 'AlfiskoSkin/EditboxT' (08C1FDE0) of type: BasicImage
02/10/2018 10:39:33 (Std) 	[ImageManager] Created image: 'AlfiskoSkin/WindowBL' (08C1FED0) of type: BasicImage
02/10/2018 10:39:33 (Std) 	[ImageManager] Created image: 'AlfiskoSkin/WindowBR' (08C1FFC0) of type: BasicImage
02/10/2018 10:39:33 (Std) 	[ImageManager] Created image: 'AlfiskoSkin/WindowTL' (08C200B0) of type: BasicImage
02/10/2018 10:39:33 (Std) 	[ImageManager] Created image: 'AlfiskoSkin/WindowTR' (08C201A0) of type: BasicImage
02/10/2018 10:39:33 (Std) 	[ImageManager] Created image: 'AlfiskoSkin/EditboxBL' (08CA7F28) of type: BasicImage
02/10/2018 10:39:33 (Std) 	[ImageManager] Created image: 'AlfiskoSkin/EditboxBR' (08CA77A8) of type: BasicImage
02/10/2018 10:39:33 (Std) 	[ImageManager] Created image: 'AlfiskoSkin/EditboxTL' (08CA72F8) of type: BasicImage
02/10/2018 10:39:33 (Std) 	[ImageManager] Created image: 'AlfiskoSkin/EditboxTR' (08CA74D8) of type: BasicImage
02/10/2018 10:39:33 (Std) 	[ImageManager] Created image: 'AlfiskoSkin/MouseMove' (08CA73E8) of type: BasicImage
02/10/2018 10:39:33 (Std) 	[ImageManager] Created image: 'AlfiskoSkin/MouseNeSw' (08CA7D48) of type: BasicImage
02/10/2018 10:39:33 (Std) 	[ImageManager] Created image: 'AlfiskoSkin/NewImage1' (08CA7E38) of type: BasicImage
02/10/2018 10:39:33 (Std) 	[ImageManager] Created image: 'AlfiskoSkin/MouseArrow' (08CA7118) of type: BasicImage
02/10/2018 10:39:33 (Std) 	[ImageManager] Created image: 'AlfiskoSkin/WindowFill' (08CA7208) of type: BasicImage
02/10/2018 10:39:33 (Std) 	[ImageManager] Created image: 'AlfiskoSkin/EditboxFill' (08CA75C8) of type: BasicImage
02/10/2018 10:39:33 (Std) 	[ImageManager] Created image: 'AlfiskoSkin/WindowClipB' (08CA76B8) of type: BasicImage
02/10/2018 10:39:33 (Std) 	[ImageManager] Created image: 'AlfiskoSkin/WindowClipL' (08CA7898) of type: BasicImage
02/10/2018 10:39:33 (Std) 	[ImageManager] Created image: 'AlfiskoSkin/WindowClipR' (08CA7988) of type: BasicImage
02/10/2018 10:39:33 (Std) 	[ImageManager] Created image: 'AlfiskoSkin/WindowClipT' (08CA7A78) of type: BasicImage
02/10/2018 10:39:33 (Std) 	[ImageManager] Created image: 'AlfiskoSkin/ButtonHoverB' (08CA7B68) of type: BasicImage
02/10/2018 10:39:33 (Std) 	[ImageManager] Created image: 'AlfiskoSkin/ButtonHoverL' (08CA7C58) of type: BasicImage
02/10/2018 10:39:33 (Std) 	[ImageManager] Created image: 'AlfiskoSkin/ButtonHoverR' (08C1E398) of type: BasicImage
02/10/2018 10:39:33 (Std) 	[ImageManager] Created image: 'AlfiskoSkin/ButtonHoverT' (08C1DA38) of type: BasicImage
02/10/2018 10:39:33 (Std) 	[ImageManager] Created image: 'AlfiskoSkin/GenericBrush' (08C1DD08) of type: BasicImage
02/10/2018 10:39:33 (Std) 	[ImageManager] Created image: 'AlfiskoSkin/MouseTextBar' (08C1CEF8) of type: BasicImage
02/10/2018 10:39:33 (Std) 	[ImageManager] Created image: 'AlfiskoSkin/ButtonHoverBL' (08C1E758) of type: BasicImage
02/10/2018 10:39:33 (Std) 	[ImageManager] Created image: 'AlfiskoSkin/ButtonHoverBR' (08C1D858) of type: BasicImage
02/10/2018 10:39:33 (Std) 	[ImageManager] Created image: 'AlfiskoSkin/ButtonHoverTL' (08C1DB28) of type: BasicImage
02/10/2018 10:39:33 (Std) 	[ImageManager] Created image: 'AlfiskoSkin/ButtonHoverTR' (08C1D768) of type: BasicImage
02/10/2018 10:39:33 (Std) 	[ImageManager] Created image: 'AlfiskoSkin/ButtonNormalB' (08C1D948) of type: BasicImage
02/10/2018 10:39:33 (Std) 	[ImageManager] Created image: 'AlfiskoSkin/ButtonNormalL' (08C1DC18) of type: BasicImage
02/10/2018 10:39:33 (Std) 	[ImageManager] Created image: 'AlfiskoSkin/ButtonNormalR' (08C1D0D8) of type: BasicImage
02/10/2018 10:39:33 (Std) 	[ImageManager] Created image: 'AlfiskoSkin/ButtonNormalT' (08C1D678) of type: BasicImage
02/10/2018 10:39:33 (Std) 	[ImageManager] Created image: 'AlfiskoSkin/ButtonPushedB' (08C1DDF8) of type: BasicImage
02/10/2018 10:39:33 (Std) 	[ImageManager] Created image: 'AlfiskoSkin/ButtonPushedL' (08C1DEE8) of type: BasicImage
02/10/2018 10:39:33 (Std) 	[ImageManager] Created image: 'AlfiskoSkin/ButtonPushedR' (08C1DFD8) of type: BasicImage
02/10/2018 10:39:33 (Std) 	[ImageManager] Created image: 'AlfiskoSkin/ButtonPushedT' (08C1E0C8) of type: BasicImage
02/10/2018 10:39:33 (Std) 	[ImageManager] Created image: 'AlfiskoSkin/CheckboxHover' (08C1E1B8) of type: BasicImage
02/10/2018 10:39:33 (Std) 	[ImageManager] Created image: 'AlfiskoSkin/ProgressFullB' (08C1E2A8) of type: BasicImage
02/10/2018 10:39:33 (Std) 	[ImageManager] Created image: 'AlfiskoSkin/ProgressFullL' (08C1CE08) of type: BasicImage
02/10/2018 10:39:33 (Std) 	[ImageManager] Created image: 'AlfiskoSkin/ProgressFullR' (08C1E488) of type: BasicImage
02/10/2018 10:39:33 (Std) 	[ImageManager] Created image: 'AlfiskoSkin/ProgressFullT' (08C1E578) of type: BasicImage
02/10/2018 10:39:33 (Std) 	[ImageManager] Created image: 'AlfiskoSkin/ScrollUpHover' (08C1E668) of type: BasicImage
02/10/2018 10:39:33 (Std) 	[ImageManager] Created image: 'AlfiskoSkin/ButtonNormalBL' (08C1E848) of type: BasicImage
02/10/2018 10:39:33 (Std) 	[ImageManager] Created image: 'AlfiskoSkin/ButtonNormalBR' (08C1CFE8) of type: BasicImage
02/10/2018 10:39:33 (Std) 	[ImageManager] Created image: 'AlfiskoSkin/ButtonNormalTL' (08C1D1C8) of type: BasicImage
02/10/2018 10:39:33 (Std) 	[ImageManager] Created image: 'AlfiskoSkin/ButtonNormalTR' (08C1E938) of type: BasicImage
02/10/2018 10:39:33 (Std) 	[ImageManager] Created image: 'AlfiskoSkin/ButtonPushedBL' (08C1D2B8) of type: BasicImage
02/10/2018 10:39:33 (Std) 	[ImageManager] Created image: 'AlfiskoSkin/ButtonPushedBR' (08C1EA28) of type: BasicImage
02/10/2018 10:39:33 (Std) 	[ImageManager] Created image: 'AlfiskoSkin/ButtonPushedTL' (08C1D3A8) of type: BasicImage
02/10/2018 10:39:33 (Std) 	[ImageManager] Created image: 'AlfiskoSkin/ButtonPushedTR' (08C1D498) of type: BasicImage
02/10/2018 10:39:33 (Std) 	[ImageManager] Created image: 'AlfiskoSkin/CheckboxNormal' (08C1EB18) of type: BasicImage
02/10/2018 10:39:33 (Std) 	[ImageManager] Created image: 'AlfiskoSkin/HorzScrollbarB' (08C1D588) of type: BasicImage
02/10/2018 10:39:33 (Std) 	[ImageManager] Created image: 'AlfiskoSkin/HorzScrollbarT' (08C1EC08) of type: BasicImage
02/10/2018 10:39:33 (Std) 	[ImageManager] Created image: 'AlfiskoSkin/ProgressEmptyB' (0A861028) of type: BasicImage
02/10/2018 10:39:33 (Std) 	[ImageManager] Created image: 'AlfiskoSkin/ProgressEmptyL' (0A860218) of type: BasicImage
02/10/2018 10:39:33 (Std) 	[ImageManager] Created image: 'AlfiskoSkin/ProgressEmptyR' (0A860308) of type: BasicImage
02/10/2018 10:39:33 (Std) 	[ImageManager] Created image: 'AlfiskoSkin/ProgressEmptyT' (0A860B78) of type: BasicImage
02/10/2018 10:39:33 (Std) 	[ImageManager] Created image: 'AlfiskoSkin/ProgressFullBL' (0A8605D8) of type: BasicImage
02/10/2018 10:39:33 (Std) 	[ImageManager] Created image: 'AlfiskoSkin/ProgressFullBR' (0A8613E8) of type: BasicImage
02/10/2018 10:39:33 (Std) 	[ImageManager] Created image: 'AlfiskoSkin/ProgressFullTL' (0A861898) of type: BasicImage
02/10/2018 10:39:33 (Std) 	[ImageManager] Created image: 'AlfiskoSkin/ProgressFullTR' (0A8607B8) of type: BasicImage
02/10/2018 10:39:33 (Std) 	[ImageManager] Created image: 'AlfiskoSkin/ProgressShadow' (0A860C68) of type: BasicImage
02/10/2018 10:39:33 (Std) 	[ImageManager] Created image: 'AlfiskoSkin/ScrollUpNormal' (0A8606C8) of type: BasicImage
02/10/2018 10:39:33 (Std) 	[ImageManager] Created image: 'AlfiskoSkin/ScrollUpPushed' (0A860D58) of type: BasicImage
02/10/2018 10:39:33 (Std) 	[ImageManager] Created image: 'AlfiskoSkin/TitlebarDummy1' (0A8603F8) of type: BasicImage
02/10/2018 10:39:33 (Std) 	[ImageManager] Created image: 'AlfiskoSkin/VertScrollbarL' (0A860E48) of type: BasicImage
02/10/2018 10:39:33 (Std) 	[ImageManager] Created image: 'AlfiskoSkin/VertScrollbarR' (0A861208) of type: BasicImage
02/10/2018 10:39:33 (Std) 	[ImageManager] Created image: 'AlfiskoSkin/CheckboxChecked' (0A8608A8) of type: BasicImage
02/10/2018 10:39:33 (Std) 	[ImageManager] Created image: 'AlfiskoSkin/HorzThumbHoverB' (0A8604E8) of type: BasicImage
02/10/2018 10:39:33 (Std) 	[ImageManager] Created image: 'AlfiskoSkin/HorzThumbHoverT' (0A860128) of type: BasicImage
02/10/2018 10:39:33 (Std) 	[ImageManager] Created image: 'AlfiskoSkin/ProgressEmptyBL' (0A860998) of type: BasicImage
02/10/2018 10:39:33 (Std) 	[ImageManager] Created image: 'AlfiskoSkin/ProgressEmptyBR' (0A8616B8) of type: BasicImage
02/10/2018 10:39:33 (Std) 	[ImageManager] Created image: 'AlfiskoSkin/ProgressEmptyTL' (0A860A88) of type: BasicImage
02/10/2018 10:39:33 (Std) 	[ImageManager] Created image: 'AlfiskoSkin/ProgressEmptyTR' (0A861C58) of type: BasicImage
02/10/2018 10:39:33 (Std) 	[ImageManager] Created image: 'AlfiskoSkin/ScrollDownHover' (0A8612F8) of type: BasicImage
02/10/2018 10:39:33 (Std) 	[ImageManager] Created image: 'AlfiskoSkin/ScrollLeftHover' (0A8614D8) of type: BasicImage
02/10/2018 10:39:33 (Std) 	[ImageManager] Created image: 'AlfiskoSkin/TitlebarActiveB' (0A860F38) of type: BasicImage
02/10/2018 10:39:33 (Std) 	[ImageManager] Created image: 'AlfiskoSkin/TitlebarActiveL' (0A861118) of type: BasicImage
02/10/2018 10:39:33 (Std) 	[ImageManager] Created image: 'AlfiskoSkin/TitlebarActiveR' (0A860038) of type: BasicImage
02/10/2018 10:39:33 (Std) 	[ImageManager] Created image: 'AlfiskoSkin/TitlebarActiveT' (0A8615C8) of type: BasicImage
02/10/2018 10:39:33 (Std) 	[ImageManager] Created image: 'AlfiskoSkin/VertThumbHoverL' (0A861D48) of type: BasicImage
02/10/2018 10:39:33 (Std) 	[ImageManager] Created image: 'AlfiskoSkin/VertThumbHoverR' (0A861B68) of type: BasicImage
02/10/2018 10:39:33 (Std) 	[ImageManager] Created image: 'AlfiskoSkin/ButtonHoverFill1' (0A8617A8) of type: BasicImage
02/10/2018 10:39:33 (Std) 	[ImageManager] Created image: 'AlfiskoSkin/ButtonHoverFill2' (0A861988) of type: BasicImage
02/10/2018 10:39:33 (Std) 	[ImageManager] Created image: 'AlfiskoSkin/HorzSliderTrackL' (0A861A78) of type: BasicImage
02/10/2018 10:39:33 (Std) 	[ImageManager] Created image: 'AlfiskoSkin/HorzSliderTrackR' (0A861E38) of type: BasicImage
02/10/2018 10:39:33 (Std) 	[ImageManager] Created image: 'AlfiskoSkin/HorzThumbHoverBL' (0A864B88) of type: BasicImage
02/10/2018 10:39:33 (Std) 	[ImageManager] Created image: 'AlfiskoSkin/HorzThumbHoverBR' (0A8646D8) of type: BasicImage
02/10/2018 10:39:33 (Std) 	[ImageManager] Created image: 'AlfiskoSkin/HorzThumbHoverTL' (0A864A98) of type: BasicImage
02/10/2018 10:39:33 (Std) 	[ImageManager] Created image: 'AlfiskoSkin/HorzThumbHoverTR' (0A8653F8) of type: BasicImage
02/10/2018 10:39:33 (Std) 	[ImageManager] Created image: 'AlfiskoSkin/HorzThumbNormalB' (0A8654E8) of type: BasicImage
02/10/2018 10:39:33 (Std) 	[ImageManager] Created image: 'AlfiskoSkin/HorzThumbNormalT' (0A865038) of type: BasicImage
02/10/2018 10:39:33 (Std) 	[ImageManager] Created image: 'AlfiskoSkin/HorzThumbPushedB' (0A864228) of type: BasicImage
02/10/2018 10:39:33 (Std) 	[ImageManager] Created image: 'AlfiskoSkin/HorzThumbPushedT' (0A8656C8) of type: BasicImage
02/10/2018 10:39:33 (Std) 	[ImageManager] Created image: 'AlfiskoSkin/HorzThumbShadowL' (0A864D68) of type: BasicImage
02/10/2018 10:39:33 (Std) 	[ImageManager] Created image: 'AlfiskoSkin/HorzThumbShadowR' (0A864C78) of type: BasicImage
02/10/2018 10:39:33 (Std) 	[ImageManager] Created image: 'AlfiskoSkin/ProgressFullFill' (0A8645E8) of type: BasicImage
02/10/2018 10:39:33 (Std) 	[ImageManager] Created image: 'AlfiskoSkin/RadioButtonHover' (0A8655D8) of type: BasicImage
02/10/2018 10:39:33 (Std) 	[ImageManager] Created image: 'AlfiskoSkin/ScrollDownNormal' (0A864318) of type: BasicImage
02/10/2018 10:39:33 (Std) 	[ImageManager] Created image: 'AlfiskoSkin/ScrollDownPushed' (0A8657B8) of type: BasicImage
02/10/2018 10:39:33 (Std) 	[ImageManager] Created image: 'AlfiskoSkin/ScrollLeftNormal' (0A864408) of type: BasicImage
02/10/2018 10:39:33 (Std) 	[ImageManager] Created image: 'AlfiskoSkin/ScrollLeftPushed' (0A8648B8) of type: BasicImage
02/10/2018 10:39:33 (Std) 	[ImageManager] Created image: 'AlfiskoSkin/ScrollRightHover' (0A865218) of type: BasicImage
02/10/2018 10:39:33 (Std) 	[ImageManager] Created image: 'AlfiskoSkin/TitlebarActiveBL' (0A8644F8) of type: BasicImage
02/10/2018 10:39:33 (Std) 	[ImageManager] Created image: 'AlfiskoSkin/TitlebarActiveBR' (0A864E58) of type: BasicImage
02/10/2018 10:39:33 (Std) 	[ImageManager] Created image: 'AlfiskoSkin/TitlebarActiveTL' (0A8647C8) of type: BasicImage
02/10/2018 10:39:33 (Std) 	[ImageManager] Created image: 'AlfiskoSkin/TitlebarActiveTR' (0A8658A8) of type: BasicImage
02/10/2018 10:39:33 (Std) 	[ImageManager] Created image: 'AlfiskoSkin/VertSliderTrackB' (0A8649A8) of type: BasicImage
02/10/2018 10:39:33 (Std) 	[ImageManager] Created image: 'AlfiskoSkin/VertSliderTrackT' (0A864F48) of type: BasicImage
02/10/2018 10:39:33 (Std) 	[ImageManager] Created image: 'AlfiskoSkin/VertThumbHoverBL' (0A865308) of type: BasicImage
02/10/2018 10:39:33 (Std) 	[ImageManager] Created image: 'AlfiskoSkin/VertThumbHoverBR' (0A865128) of type: BasicImage
02/10/2018 10:39:33 (Std) 	[ImageManager] Created image: 'AlfiskoSkin/VertThumbHoverTL' (0A865998) of type: BasicImage
02/10/2018 10:39:33 (Std) 	[ImageManager] Created image: 'AlfiskoSkin/VertThumbHoverTR' (0A865A88) of type: BasicImage
02/10/2018 10:39:33 (Std) 	[ImageManager] Created image: 'AlfiskoSkin/VertThumbNormalL' (0A865B78) of type: BasicImage
02/10/2018 10:39:33 (Std) 	[ImageManager] Created image: 'AlfiskoSkin/VertThumbNormalR' (0A865D58) of type: BasicImage
02/10/2018 10:39:33 (Std) 	[ImageManager] Created image: 'AlfiskoSkin/VertThumbPushedL' (0A864048) of type: BasicImage
02/10/2018 10:39:33 (Std) 	[ImageManager] Created image: 'AlfiskoSkin/VertThumbPushedR' (0A865C68) of type: BasicImage
02/10/2018 10:39:33 (Std) 	[ImageManager] Created image: 'AlfiskoSkin/VertThumbShadowB' (0A864138) of type: BasicImage
02/10/2018 10:39:33 (Std) 	[ImageManager] Created image: 'AlfiskoSkin/VertThumbShadowT' (0A865E48) of type: BasicImage
02/10/2018 10:39:33 (Std) 	[ImageManager] Created image: 'AlfiskoSkin/ButtonNormalFill1' (0A869E58) of type: BasicImage
02/10/2018 10:39:33 (Std) 	[ImageManager] Created image: 'AlfiskoSkin/ButtonNormalFill2' (0A869228) of type: BasicImage
02/10/2018 10:39:33 (Std) 	[ImageManager] Created image: 'AlfiskoSkin/ButtonPushedFill1' (0A868148) of type: BasicImage
02/10/2018 10:39:33 (Std) 	[ImageManager] Created image: 'AlfiskoSkin/ButtonPushedFill2' (0A868AA8) of type: BasicImage
02/10/2018 10:39:33 (Std) 	[ImageManager] Created image: 'AlfiskoSkin/CloseButtonNormal' (0A8689B8) of type: BasicImage
02/10/2018 10:39:33 (Std) 	[ImageManager] Created image: 'AlfiskoSkin/CloseButtonPushed' (0A868058) of type: BasicImage
02/10/2018 10:39:33 (Std) 	[ImageManager] Created image: 'AlfiskoSkin/HorzSliderShadowL' (0A868B98) of type: BasicImage
02/10/2018 10:39:33 (Std) 	[ImageManager] Created image: 'AlfiskoSkin/HorzSliderShadowR' (0A869048) of type: BasicImage
02/10/2018 10:39:33 (Std) 	[ImageManager] Created image: 'AlfiskoSkin/HorzThumbNormalBL' (0A869138) of type: BasicImage
02/10/2018 10:39:33 (Std) 	[ImageManager] Created image: 'AlfiskoSkin/HorzThumbNormalBR' (0A8698B8) of type: BasicImage
02/10/2018 10:39:33 (Std) 	[ImageManager] Created image: 'AlfiskoSkin/HorzThumbNormalTL' (0A868C88) of type: BasicImage
02/10/2018 10:39:33 (Std) 	[ImageManager] Created image: 'AlfiskoSkin/HorzThumbNormalTR' (0A8687D8) of type: BasicImage
02/10/2018 10:39:33 (Std) 	[ImageManager] Created image: 'AlfiskoSkin/HorzThumbPushedBL' (0A868E68) of type: BasicImage
02/10/2018 10:39:33 (Std) 	[ImageManager] Created image: 'AlfiskoSkin/HorzThumbPushedBR' (0A868D78) of type: BasicImage
02/10/2018 10:39:33 (Std) 	[ImageManager] Created image: 'AlfiskoSkin/HorzThumbPushedTL' (0A868F58) of type: BasicImage
02/10/2018 10:39:33 (Std) 	[ImageManager] Created image: 'AlfiskoSkin/HorzThumbPushedTR' (0A869B88) of type: BasicImage
02/10/2018 10:39:33 (Std) 	[ImageManager] Created image: 'AlfiskoSkin/ProgressEmptyFill' (0A868238) of type: BasicImage
02/10/2018 10:39:33 (Std) 	[ImageManager] Created image: 'AlfiskoSkin/RadioButtonNormal' (0A869A98) of type: BasicImage
02/10/2018 10:39:33 (Std) 	[ImageManager] Created image: 'AlfiskoSkin/ScrollRightNormal' (0A869C78) of type: BasicImage
02/10/2018 10:39:33 (Std) 	[ImageManager] Created image: 'AlfiskoSkin/ScrollRightPushed' (0A8696D8) of type: BasicImage
02/10/2018 10:39:33 (Std) 	[ImageManager] Created image: 'AlfiskoSkin/TitlebarInactiveB' (0A8695E8) of type: BasicImage
02/10/2018 10:39:33 (Std) 	[ImageManager] Created image: 'AlfiskoSkin/TitlebarInactiveL' (0A868328) of type: BasicImage
02/10/2018 10:39:33 (Std) 	[ImageManager] Created image: 'AlfiskoSkin/TitlebarInactiveR' (0A8697C8) of type: BasicImage
02/10/2018 10:39:33 (Std) 	[ImageManager] Created image: 'AlfiskoSkin/TitlebarInactiveT' (0A869318) of type: BasicImage
02/10/2018 10:39:33 (Std) 	[ImageManager] Created image: 'AlfiskoSkin/VertSliderShadowB' (0A869408) of type: BasicImage
02/10/2018 10:39:33 (Std) 	[ImageManager] Created image: 'AlfiskoSkin/VertSliderShadowT' (0A868418) of type: BasicImage
02/10/2018 10:39:33 (Std) 	[ImageManager] Created image: 'AlfiskoSkin/VertThumbNormalBL' (0A8699A8) of type: BasicImage
02/10/2018 10:39:33 (Std) 	[ImageManager] Created image: 'AlfiskoSkin/VertThumbNormalBR' (0A8694F8) of type: BasicImage
02/10/2018 10:39:33 (Std) 	[ImageManager] Created image: 'AlfiskoSkin/VertThumbNormalTL' (0A869D68) of type: BasicImage
02/10/2018 10:39:33 (Std) 	[ImageManager] Created image: 'AlfiskoSkin/VertThumbNormalTR' (0A868508) of type: BasicImage
02/10/2018 10:39:33 (Std) 	[ImageManager] Created image: 'AlfiskoSkin/VertThumbPushedBL' (0A8685F8) of type: BasicImage
02/10/2018 10:39:33 (Std) 	[ImageManager] Created image: 'AlfiskoSkin/VertThumbPushedBR' (0A8686E8) of type: BasicImage
02/10/2018 10:39:33 (Std) 	[ImageManager] Created image: 'AlfiskoSkin/VertThumbPushedTL' (0A8688C8) of type: BasicImage
02/10/2018 10:39:33 (Std) 	[ImageManager] Created image: 'AlfiskoSkin/VertThumbPushedTR' (0A86C608) of type: BasicImage
02/10/2018 10:39:33 (Std) 	[ImageManager] Created image: 'AlfiskoSkin/HorzScrollbarFill1' (0A86CBA8) of type: BasicImage
02/10/2018 10:39:33 (Std) 	[ImageManager] Created image: 'AlfiskoSkin/HorzScrollbarFill2' (0A86DC88) of type: BasicImage
02/10/2018 10:39:33 (Std) 	[ImageManager] Created image: 'AlfiskoSkin/RadioButtonChecked' (0A86CC98) of type: BasicImage
02/10/2018 10:39:33 (Std) 	[ImageManager] Created image: 'AlfiskoSkin/TitlebarInactiveBL' (0A86DD78) of type: BasicImage
02/10/2018 10:39:33 (Std) 	[ImageManager] Created image: 'AlfiskoSkin/TitlebarInactiveBR' (0A86CD88) of type: BasicImage
02/10/2018 10:39:33 (Std) 	[ImageManager] Created image: 'AlfiskoSkin/TitlebarInactiveTL' (0A86C518) of type: BasicImage
02/10/2018 10:39:33 (Std) 	[ImageManager] Created image: 'AlfiskoSkin/TitlebarInactiveTR' (0A86CE78) of type: BasicImage
02/10/2018 10:39:33 (Std) 	[ImageManager] Created image: 'AlfiskoSkin/VertScrollbarFill1' (0A86D5F8) of type: BasicImage
02/10/2018 10:39:33 (Std) 	[ImageManager] Created image: 'AlfiskoSkin/VertScrollbarFill2' (0A86DB98) of type: BasicImage
02/10/2018 10:39:33 (Std) 	[ImageManager] Created image: 'AlfiskoSkin/HorzSliderTrackFill' (0A86CF68) of type: BasicImage
02/10/2018 10:39:33 (Std) 	[ImageManager] Created image: 'AlfiskoSkin/TitlebarActiveFill1' (0A86C338) of type: BasicImage
02/10/2018 10:39:33 (Std) 	[ImageManager] Created image: 'AlfiskoSkin/TitlebarActiveFill2' (0A86D058) of type: BasicImage
02/10/2018 10:39:33 (Std) 	[ImageManager] Created image: 'AlfiskoSkin/VertSliderTrackFill' (0A86C068) of type: BasicImage
02/10/2018 10:39:33 (Std) 	[ImageManager] Created image: 'AlfiskoSkin/HorzSliderThumbHover' (0A86C8D8) of type: BasicImage
02/10/2018 10:39:33 (Std) 	[ImageManager] Created image: 'AlfiskoSkin/VertSliderThumbHover' (0A86D148) of type: BasicImage
02/10/2018 10:39:33 (Std) 	[ImageManager] Created image: 'AlfiskoSkin/HorzSliderThumbNormal' (0A86D508) of type: BasicImage
02/10/2018 10:39:33 (Std) 	[ImageManager] Created image: 'AlfiskoSkin/HorzSliderThumbPushed' (0A86D238) of type: BasicImage
02/10/2018 10:39:33 (Std) 	[ImageManager] Created image: 'AlfiskoSkin/TitlebarInactiveFill1' (0A86D328) of type: BasicImage
02/10/2018 10:39:33 (Std) 	[ImageManager] Created image: 'AlfiskoSkin/TitlebarInactiveFill2' (0A86CAB8) of type: BasicImage
02/10/2018 10:39:33 (Std) 	[ImageManager] Created image: 'AlfiskoSkin/VertSliderThumbNormal' (0A86D8C8) of type: BasicImage
02/10/2018 10:39:33 (Std) 	[ImageManager] Created image: 'AlfiskoSkin/VertSliderThumbPushed' (0A86D418) of type: BasicImage
02/10/2018 10:39:33 (Std) 	===== Falagard 'root' element: look and feel parsing begins =====
02/10/2018 10:39:33 (Std) 	===== Look and feel parsing completed =====
02/10/2018 10:39:33 (Std) 	No window renderer factories specified for module 'CEGUICoreWindowRendererSet' - adding all available factories...
02/10/2018 10:39:33 (Std) 	Created WindowRendererFactory for 'Core/Button' WindowRenderers.
02/10/2018 10:39:33 (Std) 	WindowRendererFactory 'Core/Button' added. (0A7CEAD0)
02/10/2018 10:39:33 (Std) 	Created WindowRendererFactory for 'Core/Default' WindowRenderers.
02/10/2018 10:39:33 (Std) 	WindowRendererFactory 'Core/Default' added. (0A7CEE18)
02/10/2018 10:39:33 (Std) 	Created WindowRendererFactory for 'Core/Editbox' WindowRenderers.
02/10/2018 10:39:33 (Std) 	WindowRendererFactory 'Core/Editbox' added. (0A7CE980)
02/10/2018 10:39:33 (Std) 	Created WindowRendererFactory for 'Core/FrameWindow' WindowRenderers.
02/10/2018 10:39:33 (Std) 	WindowRendererFactory 'Core/FrameWindow' added. (0A7CED70)
02/10/2018 10:39:33 (Std) 	Created WindowRendererFactory for 'Core/ItemEntry' WindowRenderers.
02/10/2018 10:39:33 (Std) 	WindowRendererFactory 'Core/ItemEntry' added. (0A7CE440)
02/10/2018 10:39:33 (Std) 	Created WindowRendererFactory for 'Core/ListHeader' WindowRenderers.
02/10/2018 10:39:33 (Std) 	WindowRendererFactory 'Core/ListHeader' added. (0A7CE1A0)
02/10/2018 10:39:33 (Std) 	Created WindowRendererFactory for 'Core/ListHeaderSegment' WindowRenderers.
02/10/2018 10:39:33 (Std) 	WindowRendererFactory 'Core/ListHeaderSegment' added. (0A7CEB78)
02/10/2018 10:39:33 (Std) 	Created WindowRendererFactory for 'Core/Listbox' WindowRenderers.
02/10/2018 10:39:33 (Std) 	WindowRendererFactory 'Core/Listbox' added. (0A7CE050)
02/10/2018 10:39:33 (Std) 	Created WindowRendererFactory for 'Core/Menubar' WindowRenderers.
02/10/2018 10:39:33 (Std) 	WindowRendererFactory 'Core/Menubar' added. (0A7CE590)
02/10/2018 10:39:33 (Std) 	Created WindowRendererFactory for 'Core/MenuItem' WindowRenderers.
02/10/2018 10:39:33 (Std) 	WindowRendererFactory 'Core/MenuItem' added. (0A7CEC20)
02/10/2018 10:39:33 (Std) 	Created WindowRendererFactory for 'Core/MultiColumnList' WindowRenderers.
02/10/2018 10:39:33 (Std) 	WindowRendererFactory 'Core/MultiColumnList' added. (0A7CEEC0)
02/10/2018 10:39:33 (Std) 	Created WindowRendererFactory for 'Core/MultiLineEditbox' WindowRenderers.
02/10/2018 10:39:33 (Std) 	WindowRendererFactory 'Core/MultiLineEditbox' added. (0A7CE0F8)
02/10/2018 10:39:33 (Std) 	Created WindowRendererFactory for 'Core/PopupMenu' WindowRenderers.
02/10/2018 10:39:33 (Std) 	WindowRendererFactory 'Core/PopupMenu' added. (0A7CE248)
02/10/2018 10:39:33 (Std) 	Created WindowRendererFactory for 'Core/ProgressBar' WindowRenderers.
02/10/2018 10:39:33 (Std) 	WindowRendererFactory 'Core/ProgressBar' added. (0A7CE2F0)
02/10/2018 10:39:33 (Std) 	Created WindowRendererFactory for 'Core/ScrollablePane' WindowRenderers.
02/10/2018 10:39:33 (Std) 	WindowRendererFactory 'Core/ScrollablePane' added. (0A7628C0)
02/10/2018 10:39:33 (Std) 	Created WindowRendererFactory for 'Core/Scrollbar' WindowRenderers.
02/10/2018 10:39:33 (Std) 	WindowRendererFactory 'Core/Scrollbar' added. (0A762A10)
02/10/2018 10:39:33 (Std) 	Created WindowRendererFactory for 'Core/Slider' WindowRenderers.
02/10/2018 10:39:33 (Std) 	WindowRendererFactory 'Core/Slider' added. (0A762620)
02/10/2018 10:39:33 (Std) 	Created WindowRendererFactory for 'Core/Static' WindowRenderers.
02/10/2018 10:39:33 (Std) 	WindowRendererFactory 'Core/Static' added. (0A762428)
02/10/2018 10:39:33 (Std) 	Created WindowRendererFactory for 'Core/StaticImage' WindowRenderers.
02/10/2018 10:39:33 (Std) 	WindowRendererFactory 'Core/StaticImage' added. (0A7626C8)
02/10/2018 10:39:33 (Std) 	Created WindowRendererFactory for 'Core/StaticText' WindowRenderers.
02/10/2018 10:39:33 (Std) 	WindowRendererFactory 'Core/StaticText' added. (0A762B60)
02/10/2018 10:39:33 (Std) 	Created WindowRendererFactory for 'Core/TabButton' WindowRenderers.
02/10/2018 10:39:33 (Std) 	WindowRendererFactory 'Core/TabButton' added. (0A762968)
02/10/2018 10:39:33 (Std) 	Created WindowRendererFactory for 'Core/TabControl' WindowRenderers.
02/10/2018 10:39:33 (Std) 	WindowRendererFactory 'Core/TabControl' added. (0A763490)
02/10/2018 10:39:33 (Std) 	Created WindowRendererFactory for 'Core/Titlebar' WindowRenderers.
02/10/2018 10:39:33 (Std) 	WindowRendererFactory 'Core/Titlebar' added. (0A762AB8)
02/10/2018 10:39:33 (Std) 	Created WindowRendererFactory for 'Core/ToggleButton' WindowRenderers.
02/10/2018 10:39:33 (Std) 	WindowRendererFactory 'Core/ToggleButton' added. (0A762770)
02/10/2018 10:39:33 (Std) 	Created WindowRendererFactory for 'Core/Tooltip' WindowRenderers.
02/10/2018 10:39:33 (Std) 	WindowRendererFactory 'Core/Tooltip' added. (0A762C08)
02/10/2018 10:39:33 (Std) 	Created WindowRendererFactory for 'Core/ItemListbox' WindowRenderers.
02/10/2018 10:39:33 (Std) 	WindowRendererFactory 'Core/ItemListbox' added. (0A762E00)
02/10/2018 10:39:33 (Std) 	Created WindowRendererFactory for 'Core/Tree' WindowRenderers.
02/10/2018 10:39:33 (Std) 	WindowRendererFactory 'Core/Tree' added. (0A762D58)
02/10/2018 10:39:33 (Std) 	Creating falagard mapping for type 'AlfiskoSkin/Label' using base type 'DefaultWindow', window renderer 'Core/Default' Look'N'Feel 'AlfiskoSkin/Label' and RenderEffect ''. (010FDD38)
02/10/2018 10:39:33 (Std) 	Creating falagard mapping for type 'AlfiskoSkin/Button' using base type 'CEGUI/PushButton', window renderer 'Core/Button' Look'N'Feel 'AlfiskoSkin/Button' and RenderEffect ''. (010FDD38)
02/10/2018 10:39:33 (Std) 	Creating falagard mapping for type 'AlfiskoSkin/ImageButton' using base type 'CEGUI/PushButton', window renderer 'Core/Button' Look'N'Feel 'AlfiskoSkin/ImageButton' and RenderEffect ''. (010FDD38)
02/10/2018 10:39:33 (Std) 	Creating falagard mapping for type 'AlfiskoSkin/RadioButton' using base type 'CEGUI/RadioButton', window renderer 'Core/ToggleButton' Look'N'Feel 'AlfiskoSkin/RadioButton' and RenderEffect ''. (010FDD38)
02/10/2018 10:39:33 (Std) 	Creating falagard mapping for type 'AlfiskoSkin/Checkbox' using base type 'CEGUI/ToggleButton', window renderer 'Core/ToggleButton' Look'N'Feel 'AlfiskoSkin/Checkbox' and RenderEffect ''. (010FDD38)
02/10/2018 10:39:33 (Std) 	Creating falagard mapping for type 'AlfiskoSkin/Titlebar' using base type 'CEGUI/Titlebar', window renderer 'Core/Titlebar' Look'N'Feel 'AlfiskoSkin/Titlebar' and RenderEffect ''. (010FDD38)
02/10/2018 10:39:33 (Std) 	Creating falagard mapping for type 'AlfiskoSkin/FrameWindow' using base type 'CEGUI/FrameWindow', window renderer 'Core/FrameWindow' Look'N'Feel 'AlfiskoSkin/FrameWindow' and RenderEffect ''. (010FDD38)
02/10/2018 10:39:33 (Std) 	Creating falagard mapping for type 'AlfiskoSkin/Editbox' using base type 'CEGUI/Editbox', window renderer 'Core/Editbox' Look'N'Feel 'AlfiskoSkin/Editbox' and RenderEffect ''. (010FDD38)
02/10/2018 10:39:33 (Std) 	Creating falagard mapping for type 'AlfiskoSkin/VerticalScrollbarThumb' using base type 'CEGUI/Thumb', window renderer 'Core/Button' Look'N'Feel 'AlfiskoSkin/VerticalScrollbarThumb' and RenderEffect ''. (010FDD38)
02/10/2018 10:39:33 (Std) 	Creating falagard mapping for type 'AlfiskoSkin/VerticalScrollbar' using base type 'CEGUI/Scrollbar', window renderer 'Core/Scrollbar' Look'N'Feel 'AlfiskoSkin/VerticalScrollbar' and RenderEffect ''. (010FDD38)
02/10/2018 10:39:33 (Std) 	Creating falagard mapping for type 'AlfiskoSkin/HorizontalScrollbarThumb' using base type 'CEGUI/Thumb', window renderer 'Core/Button' Look'N'Feel 'AlfiskoSkin/HorizontalScrollbarThumb' and RenderEffect ''. (010FDD38)
02/10/2018 10:39:33 (Std) 	Creating falagard mapping for type 'AlfiskoSkin/HorizontalScrollbar' using base type 'CEGUI/Scrollbar', window renderer 'Core/Scrollbar' Look'N'Feel 'AlfiskoSkin/HorizontalScrollbar' and RenderEffect ''. (010FDD38)
02/10/2018 10:39:33 (Std) 	Creating falagard mapping for type 'AlfiskoSkin/MultiLineEditbox' using base type 'CEGUI/MultiLineEditbox', window renderer 'Core/MultiLineEditbox' Look'N'Feel 'AlfiskoSkin/MultiLineEditbox' and RenderEffect ''. (010FDD38)
02/10/2018 10:39:33 (Std) 	Creating falagard mapping for type 'AlfiskoSkin/ProgressBar' using base type 'CEGUI/ProgressBar', window renderer 'Core/ProgressBar' Look'N'Feel 'AlfiskoSkin/ProgressBar' and RenderEffect ''. (010FDD38)
02/10/2018 10:39:33 (Std) 	Creating falagard mapping for type 'AlfiskoSkin/HorizontalSliderThumb' using base type 'CEGUI/Thumb', window renderer 'Core/Button' Look'N'Feel 'AlfiskoSkin/HorizontalSliderThumb' and RenderEffect ''. (010FDD38)
02/10/2018 10:39:33 (Std) 	Creating falagard mapping for type 'AlfiskoSkin/HorizontalSlider' using base type 'CEGUI/Slider', window renderer 'Core/Slider' Look'N'Feel 'AlfiskoSkin/HorizontalSlider' and RenderEffect ''. (010FDD38)
02/10/2018 10:39:33 (Std) 	Creating falagard mapping for type 'AlfiskoSkin/VerticalSliderThumb' using base type 'CEGUI/Thumb', window renderer 'Core/Button' Look'N'Feel 'AlfiskoSkin/VerticalSliderThumb' and RenderEffect ''. (010FDD38)
02/10/2018 10:39:33 (Std) 	Creating falagard mapping for type 'AlfiskoSkin/VerticalSlider' using base type 'CEGUI/Slider', window renderer 'Core/Slider' Look'N'Feel 'AlfiskoSkin/VerticalSlider' and RenderEffect ''. (010FDD38)
02/10/2018 10:39:33 (Std) 	Creating falagard mapping for type 'AlfiskoSkin/MenuItem' using base type 'CEGUI/MenuItem', window renderer 'Core/MenuItem' Look'N'Feel 'AlfiskoSkin/MenuItem' and RenderEffect ''. (010FDD38)
02/10/2018 10:39:33 (Std) 	Started creation of Scheme from XML specification:
02/10/2018 10:39:33 (Std) 	---- CEGUI GUIScheme name: TaharezLook
02/10/2018 10:39:33 (Std) 	[ImageManager] Started creation of Imageset from XML specification:
02/10/2018 10:39:33 (Std) 	[ImageManager] ---- CEGUI Imageset name: TaharezLook
02/10/2018 10:39:33 (Std) 	[ImageManager] ---- Source texture file: TaharezLook.png
02/10/2018 10:39:33 (Std) 	[ImageManager] ---- Source texture resource group: (Default)
02/10/2018 10:39:33 (Std) 	[OpenGLRenderer] Created texture: TaharezLook
02/10/2018 10:39:33 (Std) 	[ImageManager] Created image: 'TaharezLook/ClientBrush' (0A86C6F8) of type: BasicImage
02/10/2018 10:39:33 (Std) 	[ImageManager] Created image: 'TaharezLook/GenericBrush' (0A86C428) of type: BasicImage
02/10/2018 10:39:33 (Std) 	[ImageManager] Created image: 'TaharezLook/WindowLeftEdge' (0A86D6E8) of type: BasicImage
02/10/2018 10:39:33 (Std) 	[ImageManager] Created image: 'TaharezLook/WindowRightEdge' (0A86C9C8) of type: BasicImage
02/10/2018 10:39:33 (Std) 	[ImageManager] Created image: 'TaharezLook/WindowTopEdge' (0A86D7D8) of type: BasicImage
02/10/2018 10:39:33 (Std) 	[ImageManager] Created image: 'TaharezLook/WindowBottomEdge' (0A86C248) of type: BasicImage
02/10/2018 10:39:33 (Std) 	[ImageManager] Created image: 'TaharezLook/WindowTopLeft' (0A86D9B8) of type: BasicImage
02/10/2018 10:39:33 (Std) 	[ImageManager] Created image: 'TaharezLook/WindowTopRight' (0A86C7E8) of type: BasicImage
02/10/2018 10:39:33 (Std) 	[ImageManager] Created image: 'TaharezLook/WindowBottomLeft' (0A86DAA8) of type: BasicImage
02/10/2018 10:39:33 (Std) 	[ImageManager] Created image: 'TaharezLook/WindowBottomRight' (0A86C158) of type: BasicImage
02/10/2018 10:39:33 (Std) 	[ImageManager] Created image: 'TaharezLook/ButtonLeftNormal' (0A86DE68) of type: BasicImage
02/10/2018 10:39:33 (Std) 	[ImageManager] Created image: 'TaharezLook/ButtonMiddleNormal' (0A5DF050) of type: BasicImage
02/10/2018 10:39:33 (Std) 	[ImageManager] Created image: 'TaharezLook/ButtonRightNormal' (0A5DEF60) of type: BasicImage
02/10/2018 10:39:33 (Std) 	[ImageManager] Created image: 'TaharezLook/ButtonLeftPushed' (0A5DE8D0) of type: BasicImage
02/10/2018 10:39:33 (Std) 	[ImageManager] Created image: 'TaharezLook/ButtonMiddlePushed' (0A5DF7D0) of type: BasicImage
02/10/2018 10:39:33 (Std) 	[ImageManager] Created image: 'TaharezLook/ButtonRightPushed' (0A5DEAB0) of type: BasicImage
02/10/2018 10:39:33 (Std) 	[ImageManager] Created image: 'TaharezLook/ButtonLeftHighlight' (0A5DE7E0) of type: BasicImage
02/10/2018 10:39:33 (Std) 	[ImageManager] Created image: 'TaharezLook/ButtonMiddleHighlight' (0A5DED80) of type: BasicImage
02/10/2018 10:39:33 (Std) 	[ImageManager] Created image: 'TaharezLook/ButtonRightHighlight' (0A5DEBA0) of type: BasicImage
02/10/2018 10:39:33 (Std) 	[ImageManager] Created image: 'TaharezLook/CheckboxNormal' (0A5DF320) of type: BasicImage
02/10/2018 10:39:33 (Std) 	[ImageManager] Created image: 'TaharezLook/CheckboxHover' (0A5DFAA0) of type: BasicImage
02/10/2018 10:39:33 (Std) 	[ImageManager] Created image: 'TaharezLook/CheckboxMark' (0A5DF9B0) of type: BasicImage
02/10/2018 10:39:33 (Std) 	[ImageManager] Created image: 'TaharezLook/RadioButtonNormal' (0A5DE9C0) of type: BasicImage
02/10/2018 10:39:33 (Std) 	[ImageManager] Created image: 'TaharezLook/RadioButtonHover' (0A5DEC90) of type: BasicImage
02/10/2018 10:39:33 (Std) 	[ImageManager] Created image: 'TaharezLook/RadioButtonMark' (0A5DFB90) of type: BasicImage
02/10/2018 10:39:33 (Std) 	[ImageManager] Created image: 'TaharezLook/TitlebarLeft' (0A5DF5F0) of type: BasicImage
02/10/2018 10:39:33 (Std) 	[ImageManager] Created image: 'TaharezLook/TitlebarMiddle' (0A5DEE70) of type: BasicImage
02/10/2018 10:39:33 (Std) 	[ImageManager] Created image: 'TaharezLook/TitlebarRight' (0A5DF140) of type: BasicImage
02/10/2018 10:39:33 (Std) 	[ImageManager] Created image: 'TaharezLook/NewTitlebarLeft' (0A5DF230) of type: BasicImage
02/10/2018 10:39:33 (Std) 	[ImageManager] Created image: 'TaharezLook/NewTitlebarMiddle' (0A5DDE80) of type: BasicImage
02/10/2018 10:39:33 (Std) 	[ImageManager] Created image: 'TaharezLook/NewTitlebarRight' (0A5DF6E0) of type: BasicImage
02/10/2018 10:39:33 (Std) 	[ImageManager] Created image: 'TaharezLook/SysAreaMiddle' (0A5DF8C0) of type: BasicImage
02/10/2018 10:39:33 (Std) 	[ImageManager] Created image: 'TaharezLook/SysAreaRight' (0A5DF410) of type: BasicImage
02/10/2018 10:39:33 (Std) 	[ImageManager] Created image: 'TaharezLook/StaticLeft' (0A5DF500) of type: BasicImage
02/10/2018 10:39:33 (Std) 	[ImageManager] Created image: 'TaharezLook/StaticRight' (0A5DE150) of type: BasicImage
02/10/2018 10:39:33 (Std) 	[ImageManager] Created image: 'TaharezLook/StaticTop' (0A5DDF70) of type: BasicImage
02/10/2018 10:39:33 (Std) 	[ImageManager] Created image: 'TaharezLook/StaticBottom' (0A5DE6F0) of type: BasicImage
02/10/2018 10:39:33 (Std) 	[ImageManager] Created image: 'TaharezLook/StaticTopLeft' (0A5DE060) of type: BasicImage
02/10/2018 10:39:33 (Std) 	[ImageManager] Created image: 'TaharezLook/StaticTopRight' (0A5DE240) of type: BasicImage
02/10/2018 10:39:33 (Std) 	[ImageManager] Created image: 'TaharezLook/StaticBottomLeft' (0A5DE330) of type: BasicImage
02/10/2018 10:39:33 (Std) 	[ImageManager] Created image: 'TaharezLook/StaticBottomRight' (0A5DE420) of type: BasicImage
02/10/2018 10:39:33 (Std) 	[ImageManager] Created image: 'TaharezLook/StaticBackdrop' (0A5DE510) of type: BasicImage
02/10/2018 10:39:33 (Std) 	[ImageManager] Created image: 'TaharezLook/ProgressBarLeft' (0A5DE600) of type: BasicImage
02/10/2018 10:39:33 (Std) 	[ImageManager] Created image: 'TaharezLook/ProgressBarMiddle' (0A5DFC80) of type: BasicImage
02/10/2018 10:39:33 (Std) 	[ImageManager] Created image: 'TaharezLook/ProgressBarRight' (0A79AFC0) of type: BasicImage
02/10/2018 10:39:33 (Std) 	[ImageManager] Created image: 'TaharezLook/ProgressBarDimSegment' (0A79A390) of type: BasicImage
02/10/2018 10:39:33 (Std) 	[ImageManager] Created image: 'TaharezLook/ProgressBarLitSegment' (0A79AA20) of type: BasicImage
02/10/2018 10:39:33 (Std) 	[ImageManager] Created image: 'TaharezLook/EditBoxLeft' (0A79ADE0) of type: BasicImage
02/10/2018 10:39:33 (Std) 	[ImageManager] Created image: 'TaharezLook/EditBoxMiddle' (0A79AC00) of type: BasicImage
02/10/2018 10:39:33 (Std) 	[ImageManager] Created image: 'TaharezLook/EditBoxRight' (0A79AED0) of type: BasicImage
02/10/2018 10:39:33 (Std) 	[ImageManager] Created image: 'TaharezLook/EditBoxCaret' (0A79A570) of type: BasicImage
02/10/2018 10:39:33 (Std) 	[ImageManager] Created image: 'TaharezLook/SpinnerUpNormal' (0A79A930) of type: BasicImage
02/10/2018 10:39:33 (Std) 	[ImageManager] Created image: 'TaharezLook/SpinnerDownNormal' (0A79AB10) of type: BasicImage
02/10/2018 10:39:33 (Std) 	[ImageManager] Created image: 'TaharezLook/SpinnerUpHover' (0A79B0B0) of type: BasicImage
02/10/2018 10:39:33 (Std) 	[ImageManager] Created image: 'TaharezLook/SpinnerDownHover' (0A79A750) of type: BasicImage
02/10/2018 10:39:33 (Std) 	[ImageManager] Created image: 'TaharezLook/TextSelectionBrush' (0A79ACF0) of type: BasicImage
02/10/2018 10:39:33 (Std) 	[ImageManager] Created image: 'TaharezLook/VertScrollTop' (0A79B740) of type: BasicImage
02/10/2018 10:39:33 (Std) 	[ImageManager] Created image: 'TaharezLook/VertScrollMiddle' (0A79B1A0) of type: BasicImage
02/10/2018 10:39:33 (Std) 	[ImageManager] Created image: 'TaharezLook/VertScrollBottom' (0A79B290) of type: BasicImage
02/10/2018 10:39:33 (Std) 	[ImageManager] Created image: 'TaharezLook/VertScrollBarSegment' (0A79B380) of type: BasicImage
02/10/2018 10:39:33 (Std) 	[ImageManager] Created image: 'TaharezLook/VertScrollThumbNormal' (0A79B470) of type: BasicImage
02/10/2018 10:39:33 (Std) 	[ImageManager] Created image: 'TaharezLook/VertScrollThumbHover' (0A79B560) of type: BasicImage
02/10/2018 10:39:33 (Std) 	[ImageManager] Created image: 'TaharezLook/VertScrollUpNormal' (0A79A480) of type: BasicImage
02/10/2018 10:39:33 (Std) 	[ImageManager] Created image: 'TaharezLook/VertScrollDownNormal' (0A79A660) of type: BasicImage
02/10/2018 10:39:33 (Std) 	[ImageManager] Created image: 'TaharezLook/VertScrollUpHover' (0A79B650) of type: BasicImage
02/10/2018 10:39:33 (Std) 	[ImageManager] Created image: 'TaharezLook/VertScrollDownHover' (0A79B830) of type: BasicImage
02/10/2018 10:39:33 (Std) 	[ImageManager] Created image: 'TaharezLook/MiniVertScrollBarSegment' (0A799EE0) of type: BasicImage
02/10/2018 10:39:33 (Std) 	[ImageManager] Created image: 'TaharezLook/MiniVertScrollThumbNormal' (0A79A0C0) of type: BasicImage
02/10/2018 10:39:33 (Std) 	[ImageManager] Created image: 'TaharezLook/MiniVertScrollThumbTopNormal' (0A79B920) of type: BasicImage
02/10/2018 10:39:33 (Std) 	[ImageManager] Created image: 'TaharezLook/MiniVertScrollThumbMiddleNormal' (0A79BA10) of type: BasicImage
02/10/2018 10:39:33 (Std) 	[ImageManager] Created image: 'TaharezLook/MiniVertScrollThumbBottomNormal' (0A79BB00) of type: BasicImage
02/10/2018 10:39:33 (Std) 	[ImageManager] Created image: 'TaharezLook/MiniVertScrollThumbTopHover' (0A799DF0) of type: BasicImage
02/10/2018 10:39:33 (Std) 	[ImageManager] Created image: 'TaharezLook/MiniVertScrollThumbMiddleHover' (0A79A840) of type: BasicImage
02/10/2018 10:39:33 (Std) 	[ImageManager] Created image: 'TaharezLook/MiniVertScrollThumbBottomHover' (0A799FD0) of type: BasicImage
02/10/2018 10:39:33 (Std) 	[ImageManager] Created image: 'TaharezLook/MiniVertScrollThumbHover' (0A79A1B0) of type: BasicImage
02/10/2018 10:39:33 (Std) 	[ImageManager] Created image: 'TaharezLook/MiniVertScrollUpNormal' (0A79A2A0) of type: BasicImage
02/10/2018 10:39:33 (Std) 	[ImageManager] Created image: 'TaharezLook/MiniVertScrollDownNormal' (0A79BBF0) of type: BasicImage
02/10/2018 10:39:33 (Std) 	[ImageManager] Created image: 'TaharezLook/MiniVertScrollUpHover' (0A77EBE0) of type: BasicImage
02/10/2018 10:39:33 (Std) 	[ImageManager] Created image: 'TaharezLook/MiniVertScrollDownHover' (0A77F450) of type: BasicImage
02/10/2018 10:39:33 (Std) 	[ImageManager] Created image: 'TaharezLook/VertSliderBody' (0A77EEB0) of type: BasicImage
02/10/2018 10:39:33 (Std) 	[ImageManager] Created image: 'TaharezLook/VertSliderThumbNormal' (0A77FF90) of type: BasicImage
02/10/2018 10:39:33 (Std) 	[ImageManager] Created image: 'TaharezLook/VertSliderThumbHover' (0A780710) of type: BasicImage
02/10/2018 10:39:33 (Std) 	[ImageManager] Created image: 'TaharezLook/MiniHorzScrollBarSegment' (0A780440) of type: BasicImage
02/10/2018 10:39:33 (Std) 	[ImageManager] Created image: 'TaharezLook/MiniHorzScrollThumbNormal' (0A77F360) of type: BasicImage
02/10/2018 10:39:33 (Std) 	[ImageManager] Created image: 'TaharezLook/MiniHorzScrollThumbLeftNormal' (0A77FCC0) of type: BasicImage
02/10/2018 10:39:33 (Std) 	[ImageManager] Created image: 'TaharezLook/MiniHorzScrollThumbMiddleNormal' (0A77FEA0) of type: BasicImage
02/10/2018 10:39:33 (Std) 	[ImageManager] Created image: 'TaharezLook/MiniHorzScrollThumbRightNormal' (0A77F540) of type: BasicImage
02/10/2018 10:39:33 (Std) 	[ImageManager] Created image: 'TaharezLook/MiniHorzScrollThumbHover' (0A77ECD0) of type: BasicImage
02/10/2018 10:39:33 (Std) 	[ImageManager] Created image: 'TaharezLook/MiniHorzScrollThumbLeftHover' (0A780080) of type: BasicImage
02/10/2018 10:39:33 (Std) 	[ImageManager] Created image: 'TaharezLook/MiniHorzScrollThumbMiddleHover' (0A780800) of type: BasicImage
02/10/2018 10:39:33 (Std) 	[ImageManager] Created image: 'TaharezLook/MiniHorzScrollThumbRightHover' (0A77F630) of type: BasicImage
02/10/2018 10:39:33 (Std) 	[ImageManager] Created image: 'TaharezLook/MiniHorzScrollLeftNormal' (0A780530) of type: BasicImage
02/10/2018 10:39:33 (Std) 	[ImageManager] Created image: 'TaharezLook/MiniHorzScrollRightNormal' (0A780350) of type: BasicImage
02/10/2018 10:39:33 (Std) 	[ImageManager] Created image: 'TaharezLook/MiniHorzScrollLeftHover' (0A77EDC0) of type: BasicImage
02/10/2018 10:39:33 (Std) 	[ImageManager] Created image: 'TaharezLook/MiniHorzScrollRightHover' (0A77F720) of type: BasicImage
02/10/2018 10:39:33 (Std) 	[ImageManager] Created image: 'TaharezLook/ListboxLeft' (0A7808F0) of type: BasicImage
02/10/2018 10:39:33 (Std) 	[ImageManager] Created image: 'TaharezLook/ListboxRight' (0A780620) of type: BasicImage
02/10/2018 10:39:33 (Std) 	[ImageManager] Created image: 'TaharezLook/ListboxTop' (0A77EFA0) of type: BasicImage
02/10/2018 10:39:33 (Std) 	[ImageManager] Created image: 'TaharezLook/ListboxBottom' (0A77F9F0) of type: BasicImage
02/10/2018 10:39:33 (Std) 	[ImageManager] Created image: 'TaharezLook/ListboxTopLeft' (0A77F090) of type: BasicImage
02/10/2018 10:39:33 (Std) 	[ImageManager] Created image: 'TaharezLook/ListboxTopRight' (0A77F180) of type: BasicImage
02/10/2018 10:39:33 (Std) 	[ImageManager] Created image: 'TaharezLook/ListboxBottomLeft' (0A77F810) of type: BasicImage
02/10/2018 10:39:33 (Std) 	[ImageManager] Created image: 'TaharezLook/ListboxBottomRight' (0A780170) of type: BasicImage
02/10/2018 10:39:33 (Std) 	[ImageManager] Created image: 'TaharezLook/ListboxBackdrop' (0A780260) of type: BasicImage
02/10/2018 10:39:33 (Std) 	[ImageManager] Created image: 'TaharezLook/ListboxSelectionBrush' (0A77F270) of type: BasicImage
02/10/2018 10:39:33 (Std) 	[ImageManager] Created image: 'TaharezLook/ComboboxEditLeft' (0A77F900) of type: BasicImage
02/10/2018 10:39:33 (Std) 	[ImageManager] Created image: 'TaharezLook/ComboboxEditMiddle' (0A77FAE0) of type: BasicImage
02/10/2018 10:39:33 (Std) 	[ImageManager] Created image: 'TaharezLook/ComboboxListButtonNormal' (0A77FBD0) of type: BasicImage
02/10/2018 10:39:33 (Std) 	[ImageManager] Created image: 'TaharezLook/ComboboxListButtonHover' (0A77FDB0) of type: BasicImage
02/10/2018 10:39:33 (Std) 	[ImageManager] Created image: 'TaharezLook/ComboboxListLeft' (0A7809E0) of type: BasicImage
02/10/2018 10:39:33 (Std) 	[ImageManager] Created image: 'TaharezLook/ComboboxListRight' (0A787170) of type: BasicImage
02/10/2018 10:39:33 (Std) 	[ImageManager] Created image: 'TaharezLook/ComboboxListTop' (0A787CB0) of type: BasicImage
02/10/2018 10:39:33 (Std) 	[ImageManager] Created image: 'TaharezLook/ComboboxListBottom' (0A787530) of type: BasicImage
02/10/2018 10:39:33 (Std) 	[ImageManager] Created image: 'TaharezLook/ComboboxListTopLeft' (0A787F80) of type: BasicImage
02/10/2018 10:39:33 (Std) 	[ImageManager] Created image: 'TaharezLook/ComboboxListTopRight' (0A788070) of type: BasicImage
02/10/2018 10:39:33 (Std) 	[ImageManager] Created image: 'TaharezLook/ComboboxListBottomLeft' (0A787800) of type: BasicImage
02/10/2018 10:39:33 (Std) 	[ImageManager] Created image: 'TaharezLook/ComboboxListBottomRight' (0A786AE0) of type: BasicImage
02/10/2018 10:39:33 (Std) 	[ImageManager] Created image: 'TaharezLook/ComboboxListBackdrop' (0A786BD0) of type: BasicImage
02/10/2018 10:39:33 (Std) 	[ImageManager] Created image: 'TaharezLook/ComboboxSelectionBrush' (0A788520) of type: BasicImage
02/10/2018 10:39:33 (Std) 	[ImageManager] Created image: 'TaharezLook/ComboboxDividerLeft' (0A786DB0) of type: BasicImage
02/10/2018 10:39:33 (Std) 	[ImageManager] Created image: 'TaharezLook/ComboboxDividerMiddle' (0A787620) of type: BasicImage
02/10/2018 10:39:33 (Std) 	[ImageManager] Created image: 'TaharezLook/ComboboxDividerRight' (0A787350) of type: BasicImage
02/10/2018 10:39:33 (Std) 	[ImageManager] Created image: 'TaharezLook/HeaderBarBackdropNormal' (0A788610) of type: BasicImage
02/10/2018 10:39:33 (Std) 	[ImageManager] Created image: 'TaharezLook/HeaderBarBackdropHover' (0A7869F0) of type: BasicImage
02/10/2018 10:39:33 (Std) 	[ImageManager] Created image: 'TaharezLook/HeaderBarSplitterNormal' (0A787710) of type: BasicImage
02/10/2018 10:39:33 (Std) 	[ImageManager] Created image: 'TaharezLook/HeaderBarSplitterHover' (0A786CC0) of type: BasicImage
02/10/2018 10:39:33 (Std) 	[ImageManager] Created image: 'TaharezLook/HeaderBarSortUp' (0A7878F0) of type: BasicImage
02/10/2018 10:39:33 (Std) 	[ImageManager] Created image: 'TaharezLook/HeaderBarSortDown' (0A787260) of type: BasicImage
02/10/2018 10:39:33 (Std) 	[ImageManager] Created image: 'TaharezLook/MultiListLeft' (0A7879E0) of type: BasicImage
02/10/2018 10:39:33 (Std) 	[ImageManager] Created image: 'TaharezLook/MultiListRight' (0A787BC0) of type: BasicImage
02/10/2018 10:39:33 (Std) 	[ImageManager] Created image: 'TaharezLook/MultiListTop' (0A788160) of type: BasicImage
02/10/2018 10:39:33 (Std) 	[ImageManager] Created image: 'TaharezLook/MultiListBottom' (0A788250) of type: BasicImage
02/10/2018 10:39:33 (Std) 	[ImageManager] Created image: 'TaharezLook/MultiListTopLeft' (0A788340) of type: BasicImage
02/10/2018 10:39:33 (Std) 	[ImageManager] Created image: 'TaharezLook/MultiListTopRight' (0A787440) of type: BasicImage
02/10/2018 10:39:33 (Std) 	[ImageManager] Created image: 'TaharezLook/MultiListBottomLeft' (0A788430) of type: BasicImage
02/10/2018 10:39:33 (Std) 	[ImageManager] Created image: 'TaharezLook/MultiListBottomRight' (0A787AD0) of type: BasicImage
02/10/2018 10:39:33 (Std) 	[ImageManager] Created image: 'TaharezLook/MultiListBackdrop' (0A787DA0) of type: BasicImage
02/10/2018 10:39:33 (Std) 	[ImageManager] Created image: 'TaharezLook/MultiListSelectionBrush' (0A787E90) of type: BasicImage
02/10/2018 10:39:33 (Std) 	[ImageManager] Created image: 'TaharezLook/AltProgressLeft' (0A788700) of type: BasicImage
02/10/2018 10:39:33 (Std) 	[ImageManager] Created image: 'TaharezLook/AltProgressMiddle' (0A786EA0) of type: BasicImage
02/10/2018 10:39:33 (Std) 	[ImageManager] Created image: 'TaharezLook/AltProgressRight' (0A786F90) of type: BasicImage
02/10/2018 10:39:33 (Std) 	[ImageManager] Created image: 'TaharezLook/AltProgressQuarter' (0A787080) of type: BasicImage
02/10/2018 10:39:33 (Std) 	[ImageManager] Created image: 'TaharezLook/AltProgressHalf' (0A7888E0) of type: BasicImage
02/10/2018 10:39:33 (Std) 	[ImageManager] Created image: 'TaharezLook/AltProgressLight1' (0A7889D0) of type: BasicImage
02/10/2018 10:39:33 (Std) 	[ImageManager] Created image: 'TaharezLook/AltProgressLight2' (0A788AC0) of type: BasicImage
02/10/2018 10:39:33 (Std) 	[ImageManager] Created image: 'TaharezLook/AltProgressLight3' (0A7887F0) of type: BasicImage
02/10/2018 10:39:33 (Std) 	[ImageManager] Created image: 'TaharezLook/AltProgressLight4' (0A785730) of type: BasicImage
02/10/2018 10:39:33 (Std) 	[ImageManager] Created image: 'TaharezLook/AltProgressLight5' (0A785EB0) of type: BasicImage
02/10/2018 10:39:33 (Std) 	[ImageManager] Created image: 'TaharezLook/AltProgressLight6' (0A784FB0) of type: BasicImage
02/10/2018 10:39:33 (Std) 	[ImageManager] Created image: 'TaharezLook/AltProgressLight7' (0A786180) of type: BasicImage
02/10/2018 10:39:33 (Std) 	[ImageManager] Created image: 'TaharezLook/AltProgressLight8' (0A786360) of type: BasicImage
02/10/2018 10:39:33 (Std) 	[ImageManager] Created image: 'TaharezLook/AltProgressLight9' (0A785370) of type: BasicImage
02/10/2018 10:39:33 (Std) 	[ImageManager] Created image: 'TaharezLook/AltProgressLight10' (0A786090) of type: BasicImage
02/10/2018 10:39:33 (Std) 	[ImageManager] Created image: 'TaharezLook/CloseButtonNormal' (0A786810) of type: BasicImage
02/10/2018 10:39:33 (Std) 	[ImageManager] Created image: 'TaharezLook/CloseButtonHover' (0A785FA0) of type: BasicImage
02/10/2018 10:39:33 (Std) 	[ImageManager] Created image: 'TaharezLook/CloseButtonPressed' (0A786900) of type: BasicImage
02/10/2018 10:39:33 (Std) 	[ImageManager] Created image: 'TaharezLook/NewCloseButtonNormal' (0A785AF0) of type: BasicImage
02/10/2018 10:39:33 (Std) 	[ImageManager] Created image: 'TaharezLook/NewCloseButtonHover' (0A786450) of type: BasicImage
02/10/2018 10:39:33 (Std) 	[ImageManager] Created image: 'TaharezLook/NewCloseButtonPressed' (0A785460) of type: BasicImage
02/10/2018 10:39:33 (Std) 	[ImageManager] Created image: 'TaharezLook/MultiLineEditboxLeft' (0A785190) of type: BasicImage
02/10/2018 10:39:33 (Std) 	[ImageManager] Created image: 'TaharezLook/MultiLineEditboxRight' (0A786270) of type: BasicImage
02/10/2018 10:39:33 (Std) 	[ImageManager] Created image: 'TaharezLook/MultiLineEditboxTop' (0A7850A0) of type: BasicImage
02/10/2018 10:39:33 (Std) 	[ImageManager] Created image: 'TaharezLook/MultiLineEditboxBottom' (0A785820) of type: BasicImage
02/10/2018 10:39:33 (Std) 	[ImageManager] Created image: 'TaharezLook/MultiLineEditboxTopLeft' (0A785910) of type: BasicImage
02/10/2018 10:39:33 (Std) 	[ImageManager] Created image: 'TaharezLook/MultiLineEditboxTopRight' (0A785A00) of type: BasicImage
02/10/2018 10:39:33 (Std) 	[ImageManager] Created image: 'TaharezLook/MultiLineEditboxBottomLeft' (0A784BF0) of type: BasicImage
02/10/2018 10:39:33 (Std) 	[ImageManager] Created image: 'TaharezLook/MultiLineEditboxBottomRight' (0A784EC0) of type: BasicImage
02/10/2018 10:39:33 (Std) 	[ImageManager] Created image: 'TaharezLook/MultiLineEditboxBackdrop' (0A785280) of type: BasicImage
02/10/2018 10:39:33 (Std) 	[ImageManager] Created image: 'TaharezLook/MultiLineEditboxSelectionBrush' (0A786540) of type: BasicImage
02/10/2018 10:39:33 (Std) 	[ImageManager] Created image: 'TaharezLook/MouseTarget' (0A785550) of type: BasicImage
02/10/2018 10:39:33 (Std) 	[ImageManager] Created image: 'TaharezLook/MouseArrow' (0A785BE0) of type: BasicImage
02/10/2018 10:39:33 (Std) 	[ImageManager] Created image: 'TaharezLook/MouseMoveCursor' (0A785CD0) of type: BasicImage
02/10/2018 10:39:33 (Std) 	[ImageManager] Created image: 'TaharezLook/MouseNoSoCursor' (0A785DC0) of type: BasicImage
02/10/2018 10:39:33 (Std) 	[ImageManager] Created image: 'TaharezLook/MouseEsWeCursor' (0A784DD0) of type: BasicImage
02/10/2018 10:39:33 (Std) 	[ImageManager] Created image: 'TaharezLook/MouseNeSwCursor' (0A786720) of type: BasicImage
02/10/2018 10:39:33 (Std) 	[ImageManager] Created image: 'TaharezLook/MouseNwSeCursor' (0A784CE0) of type: BasicImage
02/10/2018 10:39:33 (Std) 	[ImageManager] Created image: 'TaharezLook/MouseTextBar' (0A786630) of type: BasicImage
02/10/2018 10:39:33 (Std) 	[ImageManager] Created image: 'TaharezLook/TabHorizontalFiller' (0A785640) of type: BasicImage
02/10/2018 10:39:33 (Std) 	[ImageManager] Created image: 'TaharezLook/TabContentPaneUpperLeft' (0A7900A8) of type: BasicImage
02/10/2018 10:39:33 (Std) 	[ImageManager] Created image: 'TaharezLook/TabContentPaneUpper' (0A78FB08) of type: BasicImage
02/10/2018 10:39:33 (Std) 	[ImageManager] Created image: 'TaharezLook/TabContentPaneUpperRight' (0A78EED8) of type: BasicImage
02/10/2018 10:39:33 (Std) 	[ImageManager] Created image: 'TaharezLook/TabContentPaneLeft' (0A78F298) of type: BasicImage
02/10/2018 10:39:33 (Std) 	[ImageManager] Created image: 'TaharezLook/TabContentPaneRight' (0A78FBF8) of type: BasicImage
02/10/2018 10:39:33 (Std) 	[ImageManager] Created image: 'TaharezLook/TabContentPaneLower' (0A78F1A8) of type: BasicImage
02/10/2018 10:39:33 (Std) 	[ImageManager] Created image: 'TaharezLook/TabContentPaneLowerLeft' (0A78F388) of type: BasicImage
02/10/2018 10:39:33 (Std) 	[ImageManager] Created image: 'TaharezLook/TabContentPaneLowerRight' (0A790558) of type: BasicImage
02/10/2018 10:39:33 (Std) 	[ImageManager] Created image: 'TaharezLook/TabContentPaneMiddle' (0A78FCE8) of type: BasicImage
02/10/2018 10:39:33 (Std) 	[ImageManager] Created image: 'TaharezLook/TabButtonScrollLeftNormal' (0A78EC08) of type: BasicImage
02/10/2018 10:39:33 (Std) 	[ImageManager] Created image: 'TaharezLook/TabButtonScrollRightNormal' (0A78FDD8) of type: BasicImage
02/10/2018 10:39:33 (Std) 	[ImageManager] Created image: 'TaharezLook/TabButtonScrollLeftHover' (0A790468) of type: BasicImage
02/10/2018 10:39:33 (Std) 	[ImageManager] Created image: 'TaharezLook/TabButtonScrollRightHover' (0A790378) of type: BasicImage
02/10/2018 10:39:33 (Std) 	[ImageManager] Created image: 'TaharezLook/TabButtonLeftNormal' (0A78F478) of type: BasicImage
02/10/2018 10:39:33 (Std) 	[ImageManager] Created image: 'TaharezLook/TabButtonRightNormal' (0A78FA18) of type: BasicImage
02/10/2018 10:39:33 (Std) 	[ImageManager] Created image: 'TaharezLook/TabButtonUpperNormal' (0A790738) of type: BasicImage
02/10/2018 10:39:33 (Std) 	[ImageManager] Created image: 'TaharezLook/TabButtonLowerNormal' (0A78ECF8) of type: BasicImage
02/10/2018 10:39:33 (Std) 	[ImageManager] Created image: 'TaharezLook/TabButtonUpperLeftNormal' (0A790648) of type: BasicImage
02/10/2018 10:39:33 (Std) 	[ImageManager] Created image: 'TaharezLook/TabButtonUpperLeft2Normal' (0A790828) of type: BasicImage
02/10/2018 10:39:33 (Std) 	[ImageManager] Created image: 'TaharezLook/TabButtonUpperRightNormal' (0A78FEC8) of type: BasicImage
02/10/2018 10:39:33 (Std) 	[ImageManager] Created image: 'TaharezLook/TabButtonLowerLeftNormal' (0A78F568) of type: BasicImage
02/10/2018 10:39:33 (Std) 	[ImageManager] Created image: 'TaharezLook/TabButtonLowerRightNormal' (0A78EDE8) of type: BasicImage
02/10/2018 10:39:33 (Std) 	[ImageManager] Created image: 'TaharezLook/TabButtonLowerRight2Normal' (0A78F658) of type: BasicImage
02/10/2018 10:39:33 (Std) 	[ImageManager] Created image: 'TaharezLook/TabButtonMiddleNormal' (0A78F748) of type: BasicImage
02/10/2018 10:39:33 (Std) 	[ImageManager] Created image: 'TaharezLook/TabButtonLeftSelected' (0A78F838) of type: BasicImage
02/10/2018 10:39:33 (Std) 	[ImageManager] Created image: 'TaharezLook/TabButtonRightSelected' (0A790918) of type: BasicImage
02/10/2018 10:39:33 (Std) 	[ImageManager] Created image: 'TaharezLook/TabButtonUpperSelected' (0A78FFB8) of type: BasicImage
02/10/2018 10:39:33 (Std) 	[ImageManager] Created image: 'TaharezLook/TabButtonLowerSelected' (0A78EFC8) of type: BasicImage
02/10/2018 10:39:33 (Std) 	[ImageManager] Created image: 'TaharezLook/TabButtonUpperLeftSelected' (0A790198) of type: BasicImage
02/10/2018 10:39:33 (Std) 	[ImageManager] Created image: 'TaharezLook/TabButtonUpperRightSelected' (0A78F0B8) of type: BasicImage
02/10/2018 10:39:33 (Std) 	[ImageManager] Created image: 'TaharezLook/TabButtonLowerLeftSelected' (0A78F928) of type: BasicImage
02/10/2018 10:39:33 (Std) 	[ImageManager] Created image: 'TaharezLook/TabButtonLowerRightSelected' (0A790288) of type: BasicImage
02/10/2018 10:39:33 (Std) 	[ImageManager] Created image: 'TaharezLook/TabButtonMiddleSelected' (0A792628) of type: BasicImage
02/10/2018 10:39:33 (Std) 	[ImageManager] Created image: 'TaharezLook/TooltipTopLeft' (0A792718) of type: BasicImage
02/10/2018 10:39:33 (Std) 	[ImageManager] Created image: 'TaharezLook/TooltipTopRight' (0A791CC8) of type: BasicImage
02/10/2018 10:39:33 (Std) 	[ImageManager] Created image: 'TaharezLook/TooltipBottomLeft' (0A790FA8) of type: BasicImage
02/10/2018 10:39:33 (Std) 	[ImageManager] Created image: 'TaharezLook/TooltipBottomRight' (0A791DB8) of type: BasicImage
02/10/2018 10:39:33 (Std) 	[ImageManager] Created image: 'TaharezLook/TooltipLeftEdge' (0A790CD8) of type: BasicImage
02/10/2018 10:39:33 (Std) 	[ImageManager] Created image: 'TaharezLook/TooltipRightEdge' (0A791458) of type: BasicImage
02/10/2018 10:39:33 (Std) 	[ImageManager] Created image: 'TaharezLook/TooltipTopEdge' (0A791EA8) of type: BasicImage
02/10/2018 10:39:33 (Std) 	[ImageManager] Created image: 'TaharezLook/TooltipBottomEdge' (0A790EB8) of type: BasicImage
02/10/2018 10:39:33 (Std) 	[ImageManager] Created image: 'TaharezLook/TooltipMiddle' (0A791F98) of type: BasicImage
02/10/2018 10:39:33 (Std) 	[ImageManager] Created image: 'TaharezLook/MenuTopLeft' (0A790A08) of type: BasicImage
02/10/2018 10:39:33 (Std) 	[ImageManager] Created image: 'TaharezLook/MenuTopRight' (0A792178) of type: BasicImage
02/10/2018 10:39:33 (Std) 	[ImageManager] Created image: 'TaharezLook/MenuBottomLeft' (0A791638) of type: BasicImage
02/10/2018 10:39:33 (Std) 	[ImageManager] Created image: 'TaharezLook/MenuBottomRight' (0A792088) of type: BasicImage
02/10/2018 10:39:33 (Std) 	[ImageManager] Created image: 'TaharezLook/MenuLeft' (0A790AF8) of type: BasicImage
02/10/2018 10:39:33 (Std) 	[ImageManager] Created image: 'TaharezLook/MenuRight' (0A791548) of type: BasicImage
02/10/2018 10:39:33 (Std) 	[ImageManager] Created image: 'TaharezLook/MenuTop' (0A791098) of type: BasicImage
02/10/2018 10:39:33 (Std) 	[ImageManager] Created image: 'TaharezLook/MenuBottom' (0A791908) of type: BasicImage
02/10/2018 10:39:33 (Std) 	[ImageManager] Created image: 'TaharezLook/MenuMiddle' (0A791728) of type: BasicImage
02/10/2018 10:39:33 (Std) 	[ImageManager] Created image: 'TaharezLook/PopupMenuFrameTopLeft' (0A791188) of type: BasicImage
02/10/2018 10:39:33 (Std) 	[ImageManager] Created image: 'TaharezLook/PopupMenuFrameTopRight' (0A791278) of type: BasicImage
02/10/2018 10:39:33 (Std) 	[ImageManager] Created image: 'TaharezLook/PopupMenuFrameBottomLeft' (0A791368) of type: BasicImage
02/10/2018 10:39:33 (Std) 	[ImageManager] Created image: 'TaharezLook/PopupMenuFrameBottomRight' (0A792448) of type: BasicImage
02/10/2018 10:39:33 (Std) 	[ImageManager] Created image: 'TaharezLook/PopupMenuFrameLeft' (0A792268) of type: BasicImage
02/10/2018 10:39:33 (Std) 	[ImageManager] Created image: 'TaharezLook/PopupMenuFrameRight' (0A791818) of type: BasicImage
02/10/2018 10:39:33 (Std) 	[ImageManager] Created image: 'TaharezLook/PopupMenuFrameTop' (0A791AE8) of type: BasicImage
02/10/2018 10:39:33 (Std) 	[ImageManager] Created image: 'TaharezLook/PopupMenuFrameBottom' (0A7919F8) of type: BasicImage
02/10/2018 10:39:33 (Std) 	[ImageManager] Created image: 'TaharezLook/PopupMenuMiddle' (0A791BD8) of type: BasicImage
02/10/2018 10:39:33 (Std) 	[ImageManager] Created image: 'TaharezLook/PopupMenuArrowRight' (0A790BE8) of type: BasicImage
02/10/2018 10:39:33 (Std) 	[ImageManager] Created image: 'TaharezLook/PopupMenuArrowLeft' (0A792358) of type: BasicImage
02/10/2018 10:39:33 (Std) 	[ImageManager] Created image: 'TaharezLook/TreeListClosed' (0A792538) of type: BasicImage
02/10/2018 10:39:33 (Std) 	[ImageManager] Created image: 'TaharezLook/TreeListOpened' (0A790DC8) of type: BasicImage
02/10/2018 10:39:33 (Std) 	[ImageManager] Created image: 'TaharezLook/UpArrow' (0A792808) of type: BasicImage
02/10/2018 10:39:33 (Std) 	---- Returning existing instance of Font named 'DejaVuSans-12'.
02/10/2018 10:39:33 (Std) 	---- Returning existing instance of Font named 'HanSansTC-14'.
02/10/2018 10:39:33 (Std) 	===== Falagard 'root' element: look and feel parsing begins =====
02/10/2018 10:39:33 (Std) 	===== Look and feel parsing completed =====
02/10/2018 10:39:33 (Std) 	No window renderer factories specified for module 'CEGUICoreWindowRendererSet' - adding all available factories...
02/10/2018 10:39:33 (Std) 	Creating falagard mapping for type 'TaharezLook/Label' using base type 'DefaultWindow', window renderer 'Core/Default' Look'N'Feel 'TaharezLook/Label' and RenderEffect ''. (010FDD38)
02/10/2018 10:39:33 (Std) 	Creating falagard mapping for type 'TaharezLook/Button' using base type 'CEGUI/PushButton', window renderer 'Core/Button' Look'N'Feel 'TaharezLook/Button' and RenderEffect ''. (010FDD38)
02/10/2018 10:39:33 (Std) 	Creating falagard mapping for type 'TaharezLook/Checkbox' using base type 'CEGUI/ToggleButton', window renderer 'Core/ToggleButton' Look'N'Feel 'TaharezLook/Checkbox' and RenderEffect ''. (010FDD38)
02/10/2018 10:39:33 (Std) 	Creating falagard mapping for type 'TaharezLook/ImageButton' using base type 'CEGUI/PushButton', window renderer 'Core/Button' Look'N'Feel 'TaharezLook/ImageButton' and RenderEffect ''. (010FDD38)
02/10/2018 10:39:33 (Std) 	Creating falagard mapping for type 'TaharezLook/RadioButton' using base type 'CEGUI/RadioButton', window renderer 'Core/ToggleButton' Look'N'Feel 'TaharezLook/RadioButton' and RenderEffect ''. (010FDD38)
02/10/2018 10:39:33 (Std) 	Creating falagard mapping for type 'TaharezLook/FrameWindow' using base type 'CEGUI/FrameWindow', window renderer 'Core/FrameWindow' Look'N'Feel 'TaharezLook/FrameWindow' and RenderEffect ''. (010FDD38)
02/10/2018 10:39:33 (Std) 	Creating falagard mapping for type 'TaharezLook/Titlebar' using base type 'CEGUI/Titlebar', window renderer 'Core/Titlebar' Look'N'Feel 'TaharezLook/Titlebar' and RenderEffect ''. (010FDD38)
02/10/2018 10:39:33 (Std) 	Creating falagard mapping for type 'TaharezLook/Editbox' using base type 'CEGUI/Editbox', window renderer 'Core/Editbox' Look'N'Feel 'TaharezLook/Editbox' and RenderEffect ''. (010FDD38)
02/10/2018 10:39:33 (Std) 	Creating falagard mapping for type 'TaharezLook/MultiLineEditbox' using base type 'CEGUI/MultiLineEditbox', window renderer 'Core/MultiLineEditbox' Look'N'Feel 'TaharezLook/MultiLineEditbox' and RenderEffect ''. (010FDD38)
02/10/2018 10:39:33 (Std) 	Creating falagard mapping for type 'TaharezLook/Menubar' using base type 'CEGUI/Menubar', window renderer 'Core/Menubar' Look'N'Feel 'TaharezLook/Menubar' and RenderEffect ''. (010FDD38)
02/10/2018 10:39:33 (Std) 	Creating falagard mapping for type 'TaharezLook/PopupMenu' using base type 'CEGUI/PopupMenu', window renderer 'Core/PopupMenu' Look'N'Feel 'TaharezLook/PopupMenu' and RenderEffect ''. (010FDD38)
02/10/2018 10:39:33 (Std) 	Creating falagard mapping for type 'TaharezLook/MenuItem' using base type 'CEGUI/MenuItem', window renderer 'Core/MenuItem' Look'N'Feel 'TaharezLook/MenuItem' and RenderEffect ''. (010FDD38)
02/10/2018 10:39:33 (Std) 	Creating falagard mapping for type 'TaharezLook/AlternateProgressBar' using base type 'CEGUI/ProgressBar', window renderer 'Core/ProgressBar' Look'N'Feel 'TaharezLook/AltProgressBar' and RenderEffect ''. (010FDD38)
02/10/2018 10:39:33 (Std) 	Creating falagard mapping for type 'TaharezLook/ProgressBar' using base type 'CEGUI/ProgressBar', window renderer 'Core/ProgressBar' Look'N'Feel 'TaharezLook/ProgressBar' and RenderEffect ''. (010FDD38)
02/10/2018 10:39:33 (Std) 	Creating falagard mapping for type 'TaharezLook/VUMeter' using base type 'CEGUI/ProgressBar', window renderer 'Core/ProgressBar' Look'N'Feel 'TaharezLook/VUMeter' and RenderEffect ''. (010FDD38)
02/10/2018 10:39:33 (Std) 	Creating falagard mapping for type 'TaharezLook/VerticalScrollbar' using base type 'CEGUI/Scrollbar', window renderer 'Core/Scrollbar' Look'N'Feel 'TaharezLook/VerticalScrollbar' and RenderEffect ''. (010FDD38)
02/10/2018 10:39:33 (Std) 	Creating falagard mapping for type 'TaharezLook/HorizontalScrollbar' using base type 'CEGUI/Scrollbar', window renderer 'Core/Scrollbar' Look'N'Feel 'TaharezLook/HorizontalScrollbar' and RenderEffect ''. (010FDD38)
02/10/2018 10:39:33 (Std) 	Creating falagard mapping for type 'TaharezLook/VerticalScrollbarThumb' using base type 'CEGUI/Thumb', window renderer 'Core/Button' Look'N'Feel 'TaharezLook/VerticalScrollbarThumb' and RenderEffect ''. (010FDD38)
02/10/2018 10:39:33 (Std) 	Creating falagard mapping for type 'TaharezLook/HorizontalScrollbarThumb' using base type 'CEGUI/Thumb', window renderer 'Core/Button' Look'N'Feel 'TaharezLook/HorizontalScrollbarThumb' and RenderEffect ''. (010FDD38)
02/10/2018 10:39:33 (Std) 	Creating falagard mapping for type 'TaharezLook/LargeVerticalScrollbar' using base type 'CEGUI/Scrollbar', window renderer 'Core/Scrollbar' Look'N'Feel 'TaharezLook/LargeVerticalScrollbar' and RenderEffect ''. (010FDD38)
02/10/2018 10:39:33 (Std) 	Creating falagard mapping for type 'TaharezLook/LargeVerticalScrollbarThumb' using base type 'CEGUI/Thumb', window renderer 'Core/Button' Look'N'Feel 'TaharezLook/LargeVerticalScrollbarThumb' and RenderEffect ''. (010FDD38)
02/10/2018 10:39:33 (Std) 	Creating falagard mapping for type 'TaharezLook/TabButton' using base type 'CEGUI/TabButton', window renderer 'Core/TabButton' Look'N'Feel 'TaharezLook/TabButton' and RenderEffect ''. (010FDD38)
02/10/2018 10:39:33 (Std) 	Creating falagard mapping for type 'TaharezLook/TabControl' using base type 'CEGUI/TabControl', window renderer 'Core/TabControl' Look'N'Feel 'TaharezLook/TabControl' and RenderEffect ''. (010FDD38)
02/10/2018 10:39:33 (Std) 	Creating falagard mapping for type 'TaharezLook/TabContentPane' using base type 'DefaultWindow', window renderer 'Core/Default' Look'N'Feel 'TaharezLook/TabContentPane' and RenderEffect ''. (010FDD38)
02/10/2018 10:39:33 (Std) 	Creating falagard mapping for type 'TaharezLook/TabButtonPane' using base type 'DefaultWindow', window renderer 'Core/Default' Look'N'Feel 'TaharezLook/TabButtonPane' and RenderEffect ''. (010FDD38)
02/10/2018 10:39:33 (Std) 	Creating falagard mapping for type 'TaharezLook/ComboDropList' using base type 'CEGUI/ComboDropList', window renderer 'Core/Listbox' Look'N'Feel 'TaharezLook/ComboDropList' and RenderEffect ''. (010FDD38)
02/10/2018 10:39:33 (Std) 	Creating falagard mapping for type 'TaharezLook/ComboEditbox' using base type 'CEGUI/Editbox', window renderer 'Core/Editbox' Look'N'Feel 'TaharezLook/ComboEditbox' and RenderEffect ''. (010FDD38)
02/10/2018 10:39:33 (Std) 	Creating falagard mapping for type 'TaharezLook/Combobox' using base type 'CEGUI/Combobox', window renderer 'Core/Default' Look'N'Feel 'TaharezLook/Combobox' and RenderEffect ''. (010FDD38)
02/10/2018 10:39:33 (Std) 	Creating falagard mapping for type 'TaharezLook/Listbox' using base type 'CEGUI/Listbox', window renderer 'Core/Listbox' Look'N'Feel 'TaharezLook/Listbox' and RenderEffect ''. (010FDD38)
02/10/2018 10:39:33 (Std) 	Creating falagard mapping for type 'TaharezLook/ListHeader' using base type 'CEGUI/ListHeader', window renderer 'Core/ListHeader' Look'N'Feel 'TaharezLook/ListHeader' and RenderEffect ''. (010FDD38)
02/10/2018 10:39:33 (Std) 	Creating falagard mapping for type 'TaharezLook/ListHeaderSegment' using base type 'CEGUI/ListHeaderSegment', window renderer 'Core/ListHeaderSegment' Look'N'Feel 'TaharezLook/ListHeaderSegment' and RenderEffect ''. (010FDD38)
02/10/2018 10:39:33 (Std) 	Creating falagard mapping for type 'TaharezLook/MultiColumnList' using base type 'CEGUI/MultiColumnList', window renderer 'Core/MultiColumnList' Look'N'Feel 'TaharezLook/MultiColumnList' and RenderEffect ''. (010FDD38)
02/10/2018 10:39:33 (Std) 	Creating falagard mapping for type 'TaharezLook/Slider' using base type 'CEGUI/Slider', window renderer 'Core/Slider' Look'N'Feel 'TaharezLook/Slider' and RenderEffect ''. (010FDD38)
02/10/2018 10:39:33 (Std) 	Creating falagard mapping for type 'TaharezLook/SliderThumb' using base type 'CEGUI/Thumb', window renderer 'Core/Button' Look'N'Feel 'TaharezLook/SliderThumb' and RenderEffect ''. (010FDD38)
02/10/2018 10:39:33 (Std) 	Creating falagard mapping for type 'TaharezLook/ScrollablePane' using base type 'CEGUI/ScrollablePane', window renderer 'Core/ScrollablePane' Look'N'Feel 'TaharezLook/ScrollablePane' and RenderEffect ''. (010FDD38)
02/10/2018 10:39:33 (Std) 	Creating falagard mapping for type 'TaharezLook/Spinner' using base type 'CEGUI/Spinner', window renderer 'Core/Default' Look'N'Feel 'TaharezLook/Spinner' and RenderEffect ''. (010FDD38)
02/10/2018 10:39:33 (Std) 	Creating falagard mapping for type 'TaharezLook/Tooltip' using base type 'CEGUI/Tooltip', window renderer 'Core/Tooltip' Look'N'Feel 'TaharezLook/Tooltip' and RenderEffect ''. (010FDD38)
02/10/2018 10:39:33 (Std) 	Creating falagard mapping for type 'TaharezLook/StaticImage' using base type 'DefaultWindow', window renderer 'Core/StaticImage' Look'N'Feel 'TaharezLook/StaticImage' and RenderEffect ''. (010FDD38)
02/10/2018 10:39:33 (Std) 	Creating falagard mapping for type 'TaharezLook/StaticText' using base type 'DefaultWindow', window renderer 'Core/StaticText' Look'N'Feel 'TaharezLook/StaticText' and RenderEffect ''. (010FDD38)
02/10/2018 10:39:33 (Std) 	Creating falagard mapping for type 'TaharezLook/ItemListbox' using base type 'CEGUI/ItemListbox', window renderer 'Core/ItemListbox' Look'N'Feel 'TaharezLook/ItemListbox' and RenderEffect ''. (010FDD38)
02/10/2018 10:39:33 (Std) 	Creating falagard mapping for type 'TaharezLook/ListboxItem' using base type 'CEGUI/ItemEntry', window renderer 'Core/ItemEntry' Look'N'Feel 'TaharezLook/ListboxItem' and RenderEffect ''. (010FDD38)
02/10/2018 10:39:33 (Std) 	Creating falagard mapping for type 'TaharezLook/GroupBox' using base type 'DefaultWindow', window renderer 'Core/Default' Look'N'Feel 'TaharezLook/GroupBox' and RenderEffect ''. (010FDD38)
02/10/2018 10:39:33 (Std) 	Creating falagard mapping for type 'TaharezLook/Tree' using base type 'CEGUI/Tree', window renderer 'Core/Tree' Look'N'Feel 'TaharezLook/Tree' and RenderEffect ''. (010FDD38)
02/10/2018 10:39:33 (Std) 	Started creation of Scheme from XML specification:
02/10/2018 10:39:33 (Std) 	---- CEGUI GUIScheme name: MJ_material
02/10/2018 10:39:33 (Std) 	[ImageManager] Started creation of Imageset from XML specification:
02/10/2018 10:39:33 (Std) 	[ImageManager] ---- CEGUI Imageset name: MJ_material
02/10/2018 10:39:33 (Std) 	[ImageManager] ---- Source texture file: MJ_material.png
02/10/2018 10:39:33 (Std) 	[ImageManager] ---- Source texture resource group: (Default)
02/10/2018 10:39:33 (Std) 	[OpenGLRenderer] Created texture: MJ_material
02/10/2018 10:39:33 (Std) 	[ImageManager] Created image: 'MJ_material/Chun' (0A792AD8) of type: BasicImage
02/10/2018 10:39:33 (Std) 	[ImageManager] Created image: 'MJ_material/Haku' (0A7928F8) of type: BasicImage
02/10/2018 10:39:33 (Std) 	[ImageManager] Created image: 'MJ_material/Fa' (0A7929E8) of type: BasicImage
02/10/2018 10:39:33 (Std) 	[ImageManager] Created image: 'MJ_material/Ton' (0BD208C0) of type: BasicImage
02/10/2018 10:39:33 (Std) 	[ImageManager] Created image: 'MJ_material/Nan' (0BD1F510) of type: BasicImage
02/10/2018 10:39:33 (Std) 	[ImageManager] Created image: 'MJ_material/Sha' (0BD20AA0) of type: BasicImage
02/10/2018 10:39:33 (Std) 	[ImageManager] Created image: 'MJ_material/Pei' (0BD1FBA0) of type: BasicImage
02/10/2018 10:39:33 (Std) 	[ImageManager] Created image: 'MJ_material/Sou5R' (0BD1F600) of type: BasicImage
02/10/2018 10:39:33 (Std) 	[ImageManager] Created image: 'MJ_material/Pin5R' (0BD1FAB0) of type: BasicImage
02/10/2018 10:39:33 (Std) 	[ImageManager] Created image: 'MJ_material/Man5R' (0BD20140) of type: BasicImage
02/10/2018 10:39:33 (Std) 	[ImageManager] Created image: 'MJ_material/Pin1' (0BD1FC90) of type: BasicImage
02/10/2018 10:39:33 (Std) 	[ImageManager] Created image: 'MJ_material/Pin2' (0BD1F060) of type: BasicImage
02/10/2018 10:39:33 (Std) 	[ImageManager] Created image: 'MJ_material/Pin3' (0BD1F150) of type: BasicImage
02/10/2018 10:39:33 (Std) 	[ImageManager] Created image: 'MJ_material/Pin4' (0BD20B90) of type: BasicImage
02/10/2018 10:39:33 (Std) 	[ImageManager] Created image: 'MJ_material/Pin5' (0BD1F9C0) of type: BasicImage
02/10/2018 10:39:33 (Std) 	[ImageManager] Created image: 'MJ_material/Pin6' (0BD20230) of type: BasicImage
02/10/2018 10:39:33 (Std) 	[ImageManager] Created image: 'MJ_material/Pin7' (0BD20C80) of type: BasicImage
02/10/2018 10:39:33 (Std) 	[ImageManager] Created image: 'MJ_material/Pin8' (0BD1F6F0) of type: BasicImage
02/10/2018 10:39:33 (Std) 	[ImageManager] Created image: 'MJ_material/Pin9' (0BD1F8D0) of type: BasicImage
02/10/2018 10:39:33 (Std) 	[ImageManager] Created image: 'MJ_material/Man1' (0BD20D70) of type: BasicImage
02/10/2018 10:39:33 (Std) 	[ImageManager] Created image: 'MJ_material/Man2' (0BD20320) of type: BasicImage
02/10/2018 10:39:33 (Std) 	[ImageManager] Created image: 'MJ_material/Man3' (0BD20410) of type: BasicImage
02/10/2018 10:39:33 (Std) 	[ImageManager] Created image: 'MJ_material/Man4' (0BD209B0) of type: BasicImage
02/10/2018 10:39:33 (Std) 	[ImageManager] Created image: 'MJ_material/Man5' (0BD1FD80) of type: BasicImage
02/10/2018 10:39:33 (Std) 	[ImageManager] Created image: 'MJ_material/Man6' (0BD20500) of type: BasicImage
02/10/2018 10:39:33 (Std) 	[ImageManager] Created image: 'MJ_material/Man7' (0BD1FE70) of type: BasicImage
02/10/2018 10:39:33 (Std) 	[ImageManager] Created image: 'MJ_material/Man8' (0BD207D0) of type: BasicImage
02/10/2018 10:39:33 (Std) 	[ImageManager] Created image: 'MJ_material/Man9' (0BD205F0) of type: BasicImage
02/10/2018 10:39:33 (Std) 	[ImageManager] Created image: 'MJ_material/Sou1' (0BD1FF60) of type: BasicImage
02/10/2018 10:39:33 (Std) 	[ImageManager] Created image: 'MJ_material/Sou2' (0BD20050) of type: BasicImage
02/10/2018 10:39:33 (Std) 	[ImageManager] Created image: 'MJ_material/Sou3' (0BD206E0) of type: BasicImage
02/10/2018 10:39:33 (Std) 	[ImageManager] Created image: 'MJ_material/Sou4' (0BD1F240) of type: BasicImage
02/10/2018 10:39:33 (Std) 	[ImageManager] Created image: 'MJ_material/Sou5' (0BD1F330) of type: BasicImage
02/10/2018 10:39:33 (Std) 	[ImageManager] Created image: 'MJ_material/Sou6' (0BD1F420) of type: BasicImage
02/10/2018 10:39:33 (Std) 	[ImageManager] Created image: 'MJ_material/Sou7' (0BD1F7E0) of type: BasicImage
02/10/2018 10:39:33 (Std) 	[ImageManager] Created image: 'MJ_material/Sou8' (0BD22990) of type: BasicImage
02/10/2018 10:39:33 (Std) 	[ImageManager] Created image: 'MJ_material/Sou9' (0BD22A80) of type: BasicImage
02/10/2018 10:39:33 (Std) 	[ImageManager] Created image: 'MJ_material/Point1000' (0BD22B70) of type: BasicImage
02/10/2018 10:39:33 (Std) 	[ImageManager] Created image: 'MJ_material/Point100' (0BD21F40) of type: BasicImage
02/10/2018 10:39:33 (Std) 	[ImageManager] Created image: 'MJ_material/MJ_Table' (0BD21040) of type: BasicImage
02/10/2018 10:39:33 (Std) 	[ImageManager] Created image: 'MJ_material/TonBa' (0BD22030) of type: BasicImage
02/10/2018 10:39:33 (Std) 	[ImageManager] Created image: 'MJ_material/NanBa' (0BD20E60) of type: BasicImage
02/10/2018 10:39:33 (Std) 	[ImageManager] Created image: 'MJ_material/PaiSide' (0BD224E0) of type: BasicImage
02/10/2018 10:39:33 (Std) 	[ImageManager] Created image: 'MJ_material/PaiVer' (0BD22300) of type: BasicImage
02/10/2018 10:39:33 (Std) 	[ImageManager] Created image: 'MJ_material/PaiVer2' (0BD21A90) of type: BasicImage
02/10/2018 10:39:33 (Std) 	[ImageManager] Created image: 'MJ_material/PaiHor' (0BD20F50) of type: BasicImage
02/10/2018 10:39:33 (Std) 	[ImageManager] Created image: 'MJ_material/PaiHor2' (0BD21B80) of type: BasicImage
02/10/2018 10:39:33 (Std) 	[ImageManager] Created image: 'MJ_material/PaiHor3Up' (0BD21C70) of type: BasicImage
02/10/2018 10:39:33 (Std) 	[ImageManager] Created image: 'MJ_material/PaiHor3Down' (0BD21130) of type: BasicImage
02/10/2018 10:39:33 (Std) 	[ImageManager] Created image: 'MJ_material/Nothing' (0BD21D60) of type: BasicImage
02/10/2018 10:39:33 (Std) 	===== Falagard 'root' element: look and feel parsing begins =====
02/10/2018 10:39:33 (Std) 	===== Look and feel parsing completed =====
02/10/2018 10:39:33 (Std) 	Creating falagard mapping for type 'MJ_material/Image' using base type 'DefaultWindow', window renderer 'Core/Default' Look'N'Feel 'MJ_material/Image' and RenderEffect ''. (010FDD38)
02/10/2018 10:39:33 (Std) 	Creating falagard mapping for type 'MJ_material/Button' using base type 'CEGUI/PushButton', window renderer 'Core/Button' Look'N'Feel 'MJ_material/ImageButton' and RenderEffect ''. (010FDD38)
02/10/2018 10:39:33 (Std) 	---- Returning existing instance of Font named 'HanSansTC-14'.
02/10/2018 10:39:33 (Std) 	Window::setRotation - Activating AutoRenderingSurface on Window '__cewin_uid_68' to enable rotation support.
02/10/2018 10:39:33 (Std) 	[OpenGLRenderer] Created texture: _ogl_tt_tex_0
02/10/2018 10:39:33 (Std) 	Window::setRotation - Activating AutoRenderingSurface on Window '__cewin_uid_69' to enable rotation support.
02/10/2018 10:39:33 (Std) 	[OpenGLRenderer] Created texture: _ogl_tt_tex_1
02/10/2018 10:39:33 (Std) 	Window::setRotation - Activating AutoRenderingSurface on Window '__cewin_uid_70' to enable rotation support.
02/10/2018 10:39:33 (Std) 	[OpenGLRenderer] Created texture: _ogl_tt_tex_2
02/10/2018 10:39:33 (Std) 	Window::setRotation - Activating AutoRenderingSurface on Window '__cewin_uid_71' to enable rotation support.
02/10/2018 10:39:33 (Std) 	[OpenGLRenderer] Created texture: _ogl_tt_tex_3
02/10/2018 10:39:33 (Std) 	Window::setRotation - Activating AutoRenderingSurface on Window '__cewin_uid_72' to enable rotation support.
02/10/2018 10:39:33 (Std) 	[OpenGLRenderer] Created texture: _ogl_tt_tex_4
02/10/2018 10:39:33 (Std) 	Window::setRotation - Activating AutoRenderingSurface on Window '__cewin_uid_73' to enable rotation support.
02/10/2018 10:39:33 (Std) 	[OpenGLRenderer] Created texture: _ogl_tt_tex_5
02/10/2018 10:39:33 (Std) 	Window::setRotation - Activating AutoRenderingSurface on Window '__cewin_uid_74' to enable rotation support.
02/10/2018 10:39:33 (Std) 	[OpenGLRenderer] Created texture: _ogl_tt_tex_6
02/10/2018 10:39:33 (Std) 	Window::setRotation - Activating AutoRenderingSurface on Window '__cewin_uid_75' to enable rotation support.
02/10/2018 10:39:33 (Std) 	[OpenGLRenderer] Created texture: _ogl_tt_tex_7
02/10/2018 10:39:33 (Std) 	Window::setRotation - Activating AutoRenderingSurface on Window '__cewin_uid_76' to enable rotation support.
02/10/2018 10:39:33 (Std) 	[OpenGLRenderer] Created texture: _ogl_tt_tex_8
02/10/2018 10:39:33 (Std) 	Window::setRotation - Activating AutoRenderingSurface on Window '__cewin_uid_77' to enable rotation support.
02/10/2018 10:39:33 (Std) 	[OpenGLRenderer] Created texture: _ogl_tt_tex_9
02/10/2018 10:39:33 (Std) 	Window::setRotation - Activating AutoRenderingSurface on Window '__cewin_uid_78' to enable rotation support.
02/10/2018 10:39:33 (Std) 	[OpenGLRenderer] Created texture: _ogl_tt_tex_10
02/10/2018 10:39:33 (Std) 	Window::setRotation - Activating AutoRenderingSurface on Window '__cewin_uid_79' to enable rotation support.
02/10/2018 10:39:33 (Std) 	[OpenGLRenderer] Created texture: _ogl_tt_tex_11
02/10/2018 10:39:33 (Std) 	Window::setRotation - Activating AutoRenderingSurface on Window '__cewin_uid_80' to enable rotation support.
02/10/2018 10:39:33 (Std) 	[OpenGLRenderer] Created texture: _ogl_tt_tex_12
02/10/2018 10:39:33 (Std) 	Window::setRotation - Activating AutoRenderingSurface on Window '__cewin_uid_81' to enable rotation support.
02/10/2018 10:39:33 (Std) 	[OpenGLRenderer] Created texture: _ogl_tt_tex_13
02/10/2018 10:39:33 (Std) 	Window::setRotation - Activating AutoRenderingSurface on Window '__cewin_uid_82' to enable rotation support.
02/10/2018 10:39:33 (Std) 	[OpenGLRenderer] Created texture: _ogl_tt_tex_14
02/10/2018 10:39:33 (Std) 	Window::setRotation - Activating AutoRenderingSurface on Window '__cewin_uid_83' to enable rotation support.
02/10/2018 10:39:33 (Std) 	[OpenGLRenderer] Created texture: _ogl_tt_tex_15
02/10/2018 10:39:33 (Std) 	Window::setRotation - Activating AutoRenderingSurface on Window '__cewin_uid_84' to enable rotation support.
02/10/2018 10:39:33 (Std) 	[OpenGLRenderer] Created texture: _ogl_tt_tex_16
02/10/2018 10:39:33 (Std) 	Window::setRotation - Activating AutoRenderingSurface on Window '__cewin_uid_85' to enable rotation support.
02/10/2018 10:39:33 (Std) 	[OpenGLRenderer] Created texture: _ogl_tt_tex_17
02/10/2018 10:39:33 (Std) 	Window::setRotation - Activating AutoRenderingSurface on Window '__cewin_uid_86' to enable rotation support.
02/10/2018 10:39:33 (Std) 	[OpenGLRenderer] Created texture: _ogl_tt_tex_18
02/10/2018 10:39:33 (Std) 	Window::setRotation - Activating AutoRenderingSurface on Window '__cewin_uid_87' to enable rotation support.
02/10/2018 10:39:33 (Std) 	[OpenGLRenderer] Created texture: _ogl_tt_tex_19
02/10/2018 10:39:33 (Std) 	Window::setRotation - Activating AutoRenderingSurface on Window '__cewin_uid_88' to enable rotation support.
02/10/2018 10:39:33 (Std) 	[OpenGLRenderer] Created texture: _ogl_tt_tex_20
02/10/2018 10:39:33 (Std) 	Window::setRotation - Activating AutoRenderingSurface on Window '__cewin_uid_89' to enable rotation support.
02/10/2018 10:39:33 (Std) 	[OpenGLRenderer] Created texture: _ogl_tt_tex_21
02/10/2018 10:39:33 (Std) 	Window::setRotation - Activating AutoRenderingSurface on Window '__cewin_uid_90' to enable rotation support.
02/10/2018 10:39:33 (Std) 	[OpenGLRenderer] Created texture: _ogl_tt_tex_22
02/10/2018 10:39:33 (Std) 	Window::setRotation - Activating AutoRenderingSurface on Window '__cewin_uid_91' to enable rotation support.
02/10/2018 10:39:33 (Std) 	[OpenGLRenderer] Created texture: _ogl_tt_tex_23
02/10/2018 10:39:33 (Std) 	Window::setRotation - Activating AutoRenderingSurface on Window '__cewin_uid_92' to enable rotation support.
02/10/2018 10:39:33 (Std) 	[OpenGLRenderer] Created texture: _ogl_tt_tex_24
02/10/2018 10:39:33 (Std) 	Window::setRotation - Activating AutoRenderingSurface on Window '__cewin_uid_93' to enable rotation support.
02/10/2018 10:39:33 (Std) 	[OpenGLRenderer] Created texture: _ogl_tt_tex_25
02/10/2018 10:39:33 (Std) 	Window::setRotation - Activating AutoRenderingSurface on Window '__cewin_uid_94' to enable rotation support.
02/10/2018 10:39:33 (Std) 	[OpenGLRenderer] Created texture: _ogl_tt_tex_26
02/10/2018 10:39:33 (Std) 	Window::setRotation - Activating AutoRenderingSurface on Window '__cewin_uid_95' to enable rotation support.
02/10/2018 10:39:33 (Std) 	[OpenGLRenderer] Created texture: _ogl_tt_tex_27
02/10/2018 10:39:33 (Std) 	Window::setRotation - Activating AutoRenderingSurface on Window '__cewin_uid_96' to enable rotation support.
02/10/2018 10:39:33 (Std) 	[OpenGLRenderer] Created texture: _ogl_tt_tex_28
02/10/2018 10:39:33 (Std) 	Window::setRotation - Activating AutoRenderingSurface on Window '__cewin_uid_97' to enable rotation support.
02/10/2018 10:39:33 (Std) 	[OpenGLRenderer] Created texture: _ogl_tt_tex_29
02/10/2018 10:39:33 (Std) 	Window::setRotation - Activating AutoRenderingSurface on Window '__cewin_uid_98' to enable rotation support.
02/10/2018 10:39:33 (Std) 	[OpenGLRenderer] Created texture: _ogl_tt_tex_30
02/10/2018 10:39:33 (Std) 	Window::setRotation - Activating AutoRenderingSurface on Window '__cewin_uid_99' to enable rotation support.
02/10/2018 10:39:33 (Std) 	[OpenGLRenderer] Created texture: _ogl_tt_tex_31
02/10/2018 10:39:33 (Std) 	Window::setRotation - Activating AutoRenderingSurface on Window '__cewin_uid_100' to enable rotation support.
02/10/2018 10:39:33 (Std) 	[OpenGLRenderer] Created texture: _ogl_tt_tex_32
02/10/2018 10:39:33 (Std) 	Window::setRotation - Activating AutoRenderingSurface on Window '__cewin_uid_101' to enable rotation support.
02/10/2018 10:39:33 (Std) 	[OpenGLRenderer] Created texture: _ogl_tt_tex_33
02/10/2018 10:39:33 (Std) 	Window::setRotation - Activating AutoRenderingSurface on Window '__cewin_uid_102' to enable rotation support.
02/10/2018 10:39:33 (Std) 	[OpenGLRenderer] Created texture: _ogl_tt_tex_34
02/10/2018 10:39:33 (Std) 	Window::setRotation - Activating AutoRenderingSurface on Window '__cewin_uid_103' to enable rotation support.
02/10/2018 10:39:33 (Std) 	[OpenGLRenderer] Created texture: _ogl_tt_tex_35
02/10/2018 10:39:33 (Std) 	Window::setRotation - Activating AutoRenderingSurface on Window '__cewin_uid_104' to enable rotation support.
02/10/2018 10:39:33 (Std) 	[OpenGLRenderer] Created texture: _ogl_tt_tex_36
02/10/2018 10:39:33 (Std) 	Window::setRotation - Activating AutoRenderingSurface on Window '__cewin_uid_105' to enable rotation support.
02/10/2018 10:39:33 (Std) 	[OpenGLRenderer] Created texture: _ogl_tt_tex_37
02/10/2018 10:39:33 (Std) 	Window::setRotation - Activating AutoRenderingSurface on Window '__cewin_uid_106' to enable rotation support.
02/10/2018 10:39:33 (Std) 	[OpenGLRenderer] Created texture: _ogl_tt_tex_38
02/10/2018 10:39:33 (Std) 	Window::setRotation - Activating AutoRenderingSurface on Window '__cewin_uid_107' to enable rotation support.
02/10/2018 10:39:33 (Std) 	[OpenGLRenderer] Created texture: _ogl_tt_tex_39
02/10/2018 10:39:33 (Std) 	Window::setRotation - Activating AutoRenderingSurface on Window '__cewin_uid_108' to enable rotation support.
02/10/2018 10:39:33 (Std) 	[OpenGLRenderer] Created texture: _ogl_tt_tex_40
02/10/2018 10:39:33 (Std) 	Window::setRotation - Activating AutoRenderingSurface on Window '__cewin_uid_109' to enable rotation support.
02/10/2018 10:39:33 (Std) 	[OpenGLRenderer] Created texture: _ogl_tt_tex_41
